mode: atomic
github.com/Wrendra57/Pos-app-be/wire_gen.go:26.50,28.16 2 0
github.com/Wrendra57/Pos-app-be/wire_gen.go:28.16,30.3 1 0
github.com/Wrendra57/Pos-app-be/wire_gen.go:31.2,48.16 18 0
github.com/Wrendra57/Pos-app-be/wire_gen.go:48.16,51.3 2 0
github.com/Wrendra57/Pos-app-be/wire_gen.go:52.2,52.21 1 0
github.com/Wrendra57/Pos-app-be/wire_gen.go:52.21,55.3 2 0
github.com/Wrendra57/Pos-app-be/wire_gen.go:70.31,77.42 6 0
github.com/Wrendra57/Pos-app-be/wire_gen.go:77.42,79.3 1 0
github.com/Wrendra57/Pos-app-be/wire_gen.go:81.2,89.20 8 0
github.com/Wrendra57/Pos-app-be/wire_gen.go:89.20,92.3 2 0
github.com/Wrendra57/Pos-app-be/wire_gen.go:94.2,94.26 1 0
github.com/Wrendra57/Pos-app-be/cmd/main.go:11.13,15.16 4 0
github.com/Wrendra57/Pos-app-be/cmd/main.go:15.16,16.13 1 0
github.com/Wrendra57/Pos-app-be/cmd/main.go:18.2,20.16 2 0
github.com/Wrendra57/Pos-app-be/cmd/main.go:20.16,22.3 1 0
github.com/Wrendra57/Pos-app-be/cmd/main.go:23.2,26.32 3 0
github.com/Wrendra57/Pos-app-be/cmd/wire.go:19.50,42.2 2 0
github.com/Wrendra57/Pos-app-be/cmd/wire.go:53.31,60.42 6 0
github.com/Wrendra57/Pos-app-be/cmd/wire.go:60.42,62.3 1 0
github.com/Wrendra57/Pos-app-be/cmd/wire.go:64.2,72.20 8 0
github.com/Wrendra57/Pos-app-be/cmd/wire.go:72.20,75.3 2 0
github.com/Wrendra57/Pos-app-be/cmd/wire.go:77.2,77.26 1 0
github.com/Wrendra57/Pos-app-be/config/config.go:12.19,18.45 5 0
github.com/Wrendra57/Pos-app-be/config/config.go:18.45,20.3 1 0
github.com/Wrendra57/Pos-app-be/config/database.go:5.31,11.2 2 0
github.com/Wrendra57/Pos-app-be/internal/controllers/brand_controller.go:14.93,15.36 1 0
github.com/Wrendra57/Pos-app-be/internal/controllers/brand_controller.go:15.36,17.50 2 0
github.com/Wrendra57/Pos-app-be/internal/controllers/brand_controller.go:17.50,20.4 2 0
github.com/Wrendra57/Pos-app-be/internal/controllers/brand_controller.go:22.3,22.64 1 0
github.com/Wrendra57/Pos-app-be/internal/controllers/brand_controller.go:22.64,25.4 2 0
github.com/Wrendra57/Pos-app-be/internal/controllers/brand_controller.go:26.3,27.17 2 0
github.com/Wrendra57/Pos-app-be/internal/controllers/brand_controller.go:27.17,29.4 1 0
github.com/Wrendra57/Pos-app-be/internal/controllers/brand_controller.go:30.3,30.54 1 0
github.com/Wrendra57/Pos-app-be/internal/controllers/brand_controller.go:34.91,35.36 1 0
github.com/Wrendra57/Pos-app-be/internal/controllers/brand_controller.go:35.36,42.21 5 0
github.com/Wrendra57/Pos-app-be/internal/controllers/brand_controller.go:42.21,44.18 2 0
github.com/Wrendra57/Pos-app-be/internal/controllers/brand_controller.go:44.18,46.5 1 0
github.com/Wrendra57/Pos-app-be/internal/controllers/brand_controller.go:47.4,47.25 1 0
github.com/Wrendra57/Pos-app-be/internal/controllers/brand_controller.go:48.9,50.4 1 0
github.com/Wrendra57/Pos-app-be/internal/controllers/brand_controller.go:52.3,52.22 1 0
github.com/Wrendra57/Pos-app-be/internal/controllers/brand_controller.go:52.22,54.18 2 0
github.com/Wrendra57/Pos-app-be/internal/controllers/brand_controller.go:54.18,56.5 1 0
github.com/Wrendra57/Pos-app-be/internal/controllers/brand_controller.go:57.4,57.27 1 0
github.com/Wrendra57/Pos-app-be/internal/controllers/brand_controller.go:58.9,60.4 1 0
github.com/Wrendra57/Pos-app-be/internal/controllers/brand_controller.go:63.3,63.64 1 0
github.com/Wrendra57/Pos-app-be/internal/controllers/brand_controller.go:63.64,67.4 2 0
github.com/Wrendra57/Pos-app-be/internal/controllers/brand_controller.go:69.3,70.17 2 0
github.com/Wrendra57/Pos-app-be/internal/controllers/brand_controller.go:70.17,72.4 1 0
github.com/Wrendra57/Pos-app-be/internal/controllers/brand_controller.go:74.3,74.54 1 0
github.com/Wrendra57/Pos-app-be/internal/controllers/category_controller.go:13.99,14.36 1 0
github.com/Wrendra57/Pos-app-be/internal/controllers/category_controller.go:14.36,16.50 2 0
github.com/Wrendra57/Pos-app-be/internal/controllers/category_controller.go:16.50,20.4 2 0
github.com/Wrendra57/Pos-app-be/internal/controllers/category_controller.go:22.3,22.64 1 0
github.com/Wrendra57/Pos-app-be/internal/controllers/category_controller.go:22.64,25.4 2 0
github.com/Wrendra57/Pos-app-be/internal/controllers/category_controller.go:26.3,27.17 2 0
github.com/Wrendra57/Pos-app-be/internal/controllers/category_controller.go:27.17,29.4 1 0
github.com/Wrendra57/Pos-app-be/internal/controllers/category_controller.go:30.3,30.54 1 0
github.com/Wrendra57/Pos-app-be/internal/controllers/category_controller.go:34.97,35.36 1 0
github.com/Wrendra57/Pos-app-be/internal/controllers/category_controller.go:35.36,37.50 2 0
github.com/Wrendra57/Pos-app-be/internal/controllers/category_controller.go:37.50,40.4 2 0
github.com/Wrendra57/Pos-app-be/internal/controllers/category_controller.go:42.3,42.64 1 0
github.com/Wrendra57/Pos-app-be/internal/controllers/category_controller.go:42.64,45.4 2 0
github.com/Wrendra57/Pos-app-be/internal/controllers/category_controller.go:46.3,47.17 2 0
github.com/Wrendra57/Pos-app-be/internal/controllers/category_controller.go:47.17,49.4 1 0
github.com/Wrendra57/Pos-app-be/internal/controllers/category_controller.go:50.3,50.54 1 0
github.com/Wrendra57/Pos-app-be/internal/controllers/otp_controller.go:13.91,14.36 1 0
github.com/Wrendra57/Pos-app-be/internal/controllers/otp_controller.go:14.36,16.50 2 0
github.com/Wrendra57/Pos-app-be/internal/controllers/otp_controller.go:16.50,19.4 2 0
github.com/Wrendra57/Pos-app-be/internal/controllers/otp_controller.go:20.3,23.64 2 0
github.com/Wrendra57/Pos-app-be/internal/controllers/otp_controller.go:23.64,26.4 2 0
github.com/Wrendra57/Pos-app-be/internal/controllers/otp_controller.go:27.3,29.19 2 0
github.com/Wrendra57/Pos-app-be/internal/controllers/otp_controller.go:29.19,31.4 1 0
github.com/Wrendra57/Pos-app-be/internal/controllers/otp_controller.go:33.3,33.65 1 0
github.com/Wrendra57/Pos-app-be/internal/controllers/otp_controller.go:36.89,37.36 1 0
github.com/Wrendra57/Pos-app-be/internal/controllers/otp_controller.go:37.36,43.17 3 0
github.com/Wrendra57/Pos-app-be/internal/controllers/otp_controller.go:43.17,45.4 1 0
github.com/Wrendra57/Pos-app-be/internal/controllers/otp_controller.go:46.3,46.71 1 0
github.com/Wrendra57/Pos-app-be/internal/controllers/photo_controller.go:15.94,16.36 1 0
github.com/Wrendra57/Pos-app-be/internal/controllers/photo_controller.go:16.36,32.64 10 0
github.com/Wrendra57/Pos-app-be/internal/controllers/photo_controller.go:32.64,35.4 2 0
github.com/Wrendra57/Pos-app-be/internal/controllers/photo_controller.go:36.3,37.19 2 0
github.com/Wrendra57/Pos-app-be/internal/controllers/photo_controller.go:37.19,40.4 2 0
github.com/Wrendra57/Pos-app-be/internal/controllers/photo_controller.go:42.3,42.57 1 0
github.com/Wrendra57/Pos-app-be/internal/controllers/supplier_controller.go:13.99,14.36 1 0
github.com/Wrendra57/Pos-app-be/internal/controllers/supplier_controller.go:14.36,16.50 2 0
github.com/Wrendra57/Pos-app-be/internal/controllers/supplier_controller.go:16.50,19.4 2 0
github.com/Wrendra57/Pos-app-be/internal/controllers/supplier_controller.go:21.3,21.64 1 0
github.com/Wrendra57/Pos-app-be/internal/controllers/supplier_controller.go:21.64,24.4 2 0
github.com/Wrendra57/Pos-app-be/internal/controllers/supplier_controller.go:25.3,26.17 2 0
github.com/Wrendra57/Pos-app-be/internal/controllers/supplier_controller.go:26.17,28.4 1 0
github.com/Wrendra57/Pos-app-be/internal/controllers/supplier_controller.go:29.3,29.54 1 0
github.com/Wrendra57/Pos-app-be/internal/controllers/supplier_controller.go:33.105,34.36 1 0
github.com/Wrendra57/Pos-app-be/internal/controllers/supplier_controller.go:34.36,36.50 2 0
github.com/Wrendra57/Pos-app-be/internal/controllers/supplier_controller.go:36.50,39.4 2 0
github.com/Wrendra57/Pos-app-be/internal/controllers/supplier_controller.go:41.3,41.64 1 0
github.com/Wrendra57/Pos-app-be/internal/controllers/supplier_controller.go:41.64,44.4 2 0
github.com/Wrendra57/Pos-app-be/internal/controllers/supplier_controller.go:45.3,46.54 2 0
github.com/Wrendra57/Pos-app-be/internal/controllers/user_contoller.go:16.91,17.36 1 0
github.com/Wrendra57/Pos-app-be/internal/controllers/user_contoller.go:17.36,24.29 5 0
github.com/Wrendra57/Pos-app-be/internal/controllers/user_contoller.go:24.29,27.4 2 0
github.com/Wrendra57/Pos-app-be/internal/controllers/user_contoller.go:28.3,29.17 2 0
github.com/Wrendra57/Pos-app-be/internal/controllers/user_contoller.go:29.17,32.4 2 0
github.com/Wrendra57/Pos-app-be/internal/controllers/user_contoller.go:34.3,37.64 2 0
github.com/Wrendra57/Pos-app-be/internal/controllers/user_contoller.go:37.64,40.4 2 0
github.com/Wrendra57/Pos-app-be/internal/controllers/user_contoller.go:41.3,43.17 2 0
github.com/Wrendra57/Pos-app-be/internal/controllers/user_contoller.go:43.17,45.4 1 0
github.com/Wrendra57/Pos-app-be/internal/controllers/user_contoller.go:47.3,54.54 3 0
github.com/Wrendra57/Pos-app-be/internal/controllers/user_contoller.go:58.90,59.36 1 0
github.com/Wrendra57/Pos-app-be/internal/controllers/user_contoller.go:59.36,64.64 4 0
github.com/Wrendra57/Pos-app-be/internal/controllers/user_contoller.go:64.64,67.4 2 0
github.com/Wrendra57/Pos-app-be/internal/controllers/user_contoller.go:69.3,71.10 2 0
github.com/Wrendra57/Pos-app-be/internal/controllers/user_contoller.go:71.10,73.4 1 0
github.com/Wrendra57/Pos-app-be/internal/controllers/user_contoller.go:74.3,74.63 1 0
github.com/Wrendra57/Pos-app-be/internal/controllers/user_contoller.go:79.57,80.36 1 0
github.com/Wrendra57/Pos-app-be/internal/controllers/user_contoller.go:80.36,83.10 3 0
github.com/Wrendra57/Pos-app-be/internal/controllers/user_contoller.go:83.10,85.4 1 0
github.com/Wrendra57/Pos-app-be/internal/controllers/user_contoller.go:86.3,88.66 3 0
github.com/Wrendra57/Pos-app-be/internal/middleware/auth_middleware.go:10.35,11.34 1 0
github.com/Wrendra57/Pos-app-be/internal/middleware/auth_middleware.go:11.34,14.23 2 0
github.com/Wrendra57/Pos-app-be/internal/middleware/auth_middleware.go:14.23,16.4 1 0
github.com/Wrendra57/Pos-app-be/internal/middleware/auth_middleware.go:18.3,18.48 1 0
github.com/Wrendra57/Pos-app-be/internal/middleware/auth_middleware.go:18.48,20.4 1 0
github.com/Wrendra57/Pos-app-be/internal/middleware/auth_middleware.go:23.3,28.17 3 0
github.com/Wrendra57/Pos-app-be/internal/middleware/auth_middleware.go:28.17,30.4 1 0
github.com/Wrendra57/Pos-app-be/internal/middleware/auth_middleware.go:31.3,34.18 3 0
github.com/Wrendra57/Pos-app-be/internal/middleware/error_handling.go:8.40,9.34 1 0
github.com/Wrendra57/Pos-app-be/internal/middleware/error_handling.go:9.34,10.16 1 0
github.com/Wrendra57/Pos-app-be/internal/middleware/error_handling.go:10.16,11.32 1 0
github.com/Wrendra57/Pos-app-be/internal/middleware/error_handling.go:11.32,19.5 2 0
github.com/Wrendra57/Pos-app-be/internal/middleware/error_handling.go:21.3,21.18 1 0
github.com/Wrendra57/Pos-app-be/internal/repositories/brand_repository.go:19.43,21.2 1 0
github.com/Wrendra57/Pos-app-be/internal/repositories/brand_repository.go:23.106,31.16 5 0
github.com/Wrendra57/Pos-app-be/internal/repositories/brand_repository.go:31.16,33.3 1 0
github.com/Wrendra57/Pos-app-be/internal/repositories/brand_repository.go:34.2,35.19 2 0
github.com/Wrendra57/Pos-app-be/internal/repositories/brand_repository.go:38.116,53.18 7 0
github.com/Wrendra57/Pos-app-be/internal/repositories/brand_repository.go:53.18,58.3 4 0
github.com/Wrendra57/Pos-app-be/internal/repositories/brand_repository.go:59.2,59.15 1 0
github.com/Wrendra57/Pos-app-be/internal/repositories/categories_respository.go:21.54,23.2 1 0
github.com/Wrendra57/Pos-app-be/internal/repositories/categories_respository.go:25.114,32.16 5 0
github.com/Wrendra57/Pos-app-be/internal/repositories/categories_respository.go:32.16,35.3 2 0
github.com/Wrendra57/Pos-app-be/internal/repositories/categories_respository.go:36.2,37.15 2 0
github.com/Wrendra57/Pos-app-be/internal/repositories/categories_respository.go:40.60,55.18 7 0
github.com/Wrendra57/Pos-app-be/internal/repositories/categories_respository.go:55.18,60.3 4 0
github.com/Wrendra57/Pos-app-be/internal/repositories/categories_respository.go:61.2,61.19 1 0
github.com/Wrendra57/Pos-app-be/internal/repositories/oauth_repository.go:26.43,28.2 1 0
github.com/Wrendra57/Pos-app-be/internal/repositories/oauth_repository.go:30.117,38.16 5 0
github.com/Wrendra57/Pos-app-be/internal/repositories/oauth_repository.go:38.16,41.3 2 0
github.com/Wrendra57/Pos-app-be/internal/repositories/oauth_repository.go:43.2,43.19 1 0
github.com/Wrendra57/Pos-app-be/internal/repositories/oauth_repository.go:47.9,57.16 5 0
github.com/Wrendra57/Pos-app-be/internal/repositories/oauth_repository.go:57.16,60.3 2 0
github.com/Wrendra57/Pos-app-be/internal/repositories/oauth_repository.go:62.2,62.19 1 0
github.com/Wrendra57/Pos-app-be/internal/repositories/oauth_repository.go:65.9,76.16 5 0
github.com/Wrendra57/Pos-app-be/internal/repositories/oauth_repository.go:76.16,79.3 2 0
github.com/Wrendra57/Pos-app-be/internal/repositories/oauth_repository.go:81.2,81.19 1 0
github.com/Wrendra57/Pos-app-be/internal/repositories/oauth_repository.go:83.104,93.16 5 0
github.com/Wrendra57/Pos-app-be/internal/repositories/oauth_repository.go:93.16,96.3 2 0
github.com/Wrendra57/Pos-app-be/internal/repositories/oauth_repository.go:97.2,97.19 1 0
github.com/Wrendra57/Pos-app-be/internal/repositories/oauth_repository.go:100.121,105.19 4 0
github.com/Wrendra57/Pos-app-be/internal/repositories/oauth_repository.go:105.19,109.3 3 0
github.com/Wrendra57/Pos-app-be/internal/repositories/oauth_repository.go:110.2,110.22 1 0
github.com/Wrendra57/Pos-app-be/internal/repositories/oauth_repository.go:110.22,114.3 3 0
github.com/Wrendra57/Pos-app-be/internal/repositories/oauth_repository.go:115.2,115.22 1 0
github.com/Wrendra57/Pos-app-be/internal/repositories/oauth_repository.go:115.22,119.3 3 0
github.com/Wrendra57/Pos-app-be/internal/repositories/oauth_repository.go:120.2,137.16 12 0
github.com/Wrendra57/Pos-app-be/internal/repositories/oauth_repository.go:137.16,139.3 1 0
github.com/Wrendra57/Pos-app-be/internal/repositories/oauth_repository.go:142.2,147.16 4 0
github.com/Wrendra57/Pos-app-be/internal/repositories/oauth_repository.go:147.16,149.3 1 0
github.com/Wrendra57/Pos-app-be/internal/repositories/oauth_repository.go:151.2,151.15 1 0
github.com/Wrendra57/Pos-app-be/internal/repositories/oauth_repository.go:154.112,165.16 5 0
github.com/Wrendra57/Pos-app-be/internal/repositories/oauth_repository.go:165.16,168.3 2 0
github.com/Wrendra57/Pos-app-be/internal/repositories/oauth_repository.go:169.2,169.19 1 0
github.com/Wrendra57/Pos-app-be/internal/repositories/otp_repository.go:24.39,26.2 1 0
github.com/Wrendra57/Pos-app-be/internal/repositories/otp_repository.go:28.99,38.16 5 0
github.com/Wrendra57/Pos-app-be/internal/repositories/otp_repository.go:38.16,41.3 2 0
github.com/Wrendra57/Pos-app-be/internal/repositories/otp_repository.go:43.2,45.15 3 0
github.com/Wrendra57/Pos-app-be/internal/repositories/otp_repository.go:48.105,58.17 6 0
github.com/Wrendra57/Pos-app-be/internal/repositories/otp_repository.go:58.17,62.3 3 0
github.com/Wrendra57/Pos-app-be/internal/repositories/otp_repository.go:62.8,64.3 1 0
github.com/Wrendra57/Pos-app-be/internal/repositories/otp_repository.go:67.150,77.18 6 0
github.com/Wrendra57/Pos-app-be/internal/repositories/otp_repository.go:77.18,82.3 4 0
github.com/Wrendra57/Pos-app-be/internal/repositories/otp_repository.go:83.2,83.18 1 0
github.com/Wrendra57/Pos-app-be/internal/repositories/photos_repository.go:22.45,24.2 1 0
github.com/Wrendra57/Pos-app-be/internal/repositories/photos_repository.go:26.115,36.16 5 0
github.com/Wrendra57/Pos-app-be/internal/repositories/photos_repository.go:36.16,39.3 2 0
github.com/Wrendra57/Pos-app-be/internal/repositories/photos_repository.go:41.2,42.20 2 0
github.com/Wrendra57/Pos-app-be/internal/repositories/photos_repository.go:45.108,54.17 6 0
github.com/Wrendra57/Pos-app-be/internal/repositories/photos_repository.go:54.17,58.3 3 0
github.com/Wrendra57/Pos-app-be/internal/repositories/photos_repository.go:58.8,60.3 1 0
github.com/Wrendra57/Pos-app-be/internal/repositories/role_repository.go:22.41,24.2 1 0
github.com/Wrendra57/Pos-app-be/internal/repositories/role_repository.go:26.110,35.16 5 0
github.com/Wrendra57/Pos-app-be/internal/repositories/role_repository.go:35.16,38.3 2 0
github.com/Wrendra57/Pos-app-be/internal/repositories/role_repository.go:39.2,40.19 2 0
github.com/Wrendra57/Pos-app-be/internal/repositories/role_repository.go:43.109,53.17 6 0
github.com/Wrendra57/Pos-app-be/internal/repositories/role_repository.go:53.17,58.3 3 0
github.com/Wrendra57/Pos-app-be/internal/repositories/role_repository.go:58.8,60.3 1 0
github.com/Wrendra57/Pos-app-be/internal/repositories/role_repository.go:62.2,62.23 1 0
github.com/Wrendra57/Pos-app-be/internal/repositories/supplier_repository.go:20.49,22.2 1 0
github.com/Wrendra57/Pos-app-be/internal/repositories/supplier_repository.go:23.123,31.16 5 0
github.com/Wrendra57/Pos-app-be/internal/repositories/supplier_repository.go:31.16,33.3 1 0
github.com/Wrendra57/Pos-app-be/internal/repositories/supplier_repository.go:34.2,35.22 2 0
github.com/Wrendra57/Pos-app-be/internal/repositories/supplier_repository.go:37.131,51.18 7 0
github.com/Wrendra57/Pos-app-be/internal/repositories/supplier_repository.go:51.18,56.3 4 0
github.com/Wrendra57/Pos-app-be/internal/repositories/supplier_repository.go:57.2,58.23 2 0
github.com/Wrendra57/Pos-app-be/internal/repositories/user_repository.go:23.41,25.2 1 0
github.com/Wrendra57/Pos-app-be/internal/repositories/user_repository.go:27.112,37.16 5 0
github.com/Wrendra57/Pos-app-be/internal/repositories/user_repository.go:37.16,40.3 2 0
github.com/Wrendra57/Pos-app-be/internal/repositories/user_repository.go:42.2,43.18 2 0
github.com/Wrendra57/Pos-app-be/internal/repositories/user_repository.go:46.103,55.17 6 0
github.com/Wrendra57/Pos-app-be/internal/repositories/user_repository.go:55.17,60.3 3 0
github.com/Wrendra57/Pos-app-be/internal/repositories/user_repository.go:60.8,62.3 1 0
github.com/Wrendra57/Pos-app-be/internal/repositories/user_repository.go:65.115,90.17 6 0
github.com/Wrendra57/Pos-app-be/internal/repositories/user_repository.go:90.17,95.3 3 0
github.com/Wrendra57/Pos-app-be/internal/repositories/user_repository.go:95.8,97.3 1 0
github.com/Wrendra57/Pos-app-be/internal/routes/brand_routes.go:11.95,14.2 2 0
github.com/Wrendra57/Pos-app-be/internal/routes/category_routes.go:11.106,14.2 2 0
github.com/Wrendra57/Pos-app-be/internal/routes/otp_routes.go:10.96,13.2 2 0
github.com/Wrendra57/Pos-app-be/internal/routes/photos.go:11.102,13.2 1 0
github.com/Wrendra57/Pos-app-be/internal/routes/supplier_routes.go:11.111,14.2 2 0
github.com/Wrendra57/Pos-app-be/internal/routes/user_routes.go:11.95,15.2 3 0
github.com/Wrendra57/Pos-app-be/internal/services/brand_services.go:26.123,32.2 1 0
github.com/Wrendra57/Pos-app-be/internal/services/brand_services.go:34.30,45.16 6 0
github.com/Wrendra57/Pos-app-be/internal/services/brand_services.go:45.16,48.3 1 0
github.com/Wrendra57/Pos-app-be/internal/services/brand_services.go:50.2,50.44 1 0
github.com/Wrendra57/Pos-app-be/internal/services/brand_services.go:52.128,67.2 6 0
github.com/Wrendra57/Pos-app-be/internal/services/category_service.go:28.138,34.2 1 0
github.com/Wrendra57/Pos-app-be/internal/services/category_service.go:36.139,50.16 6 0
github.com/Wrendra57/Pos-app-be/internal/services/category_service.go:50.16,52.3 1 0
github.com/Wrendra57/Pos-app-be/internal/services/category_service.go:53.2,53.47 1 0
github.com/Wrendra57/Pos-app-be/internal/services/category_service.go:56.149,70.2 6 0
github.com/Wrendra57/Pos-app-be/internal/services/otp_service.go:33.79,41.2 1 0
github.com/Wrendra57/Pos-app-be/internal/services/otp_service.go:43.106,59.16 7 0
github.com/Wrendra57/Pos-app-be/internal/services/otp_service.go:59.16,61.3 1 0
github.com/Wrendra57/Pos-app-be/internal/services/otp_service.go:62.2,62.42 1 0
github.com/Wrendra57/Pos-app-be/internal/services/otp_service.go:65.123,67.16 2 0
github.com/Wrendra57/Pos-app-be/internal/services/otp_service.go:67.16,70.3 2 0
github.com/Wrendra57/Pos-app-be/internal/services/otp_service.go:71.2,81.16 6 0
github.com/Wrendra57/Pos-app-be/internal/services/otp_service.go:81.16,83.3 1 0
github.com/Wrendra57/Pos-app-be/internal/services/otp_service.go:84.2,84.29 1 0
github.com/Wrendra57/Pos-app-be/internal/services/otp_service.go:84.29,86.3 1 0
github.com/Wrendra57/Pos-app-be/internal/services/otp_service.go:88.2,89.16 2 0
github.com/Wrendra57/Pos-app-be/internal/services/otp_service.go:89.16,91.3 1 0
github.com/Wrendra57/Pos-app-be/internal/services/otp_service.go:92.2,92.34 1 0
github.com/Wrendra57/Pos-app-be/internal/services/otp_service.go:92.34,94.3 1 0
github.com/Wrendra57/Pos-app-be/internal/services/otp_service.go:96.2,96.22 1 0
github.com/Wrendra57/Pos-app-be/internal/services/otp_service.go:96.22,98.3 1 0
github.com/Wrendra57/Pos-app-be/internal/services/otp_service.go:101.2,104.37 3 0
github.com/Wrendra57/Pos-app-be/internal/services/otp_service.go:107.95,109.16 2 0
github.com/Wrendra57/Pos-app-be/internal/services/otp_service.go:109.16,111.3 1 0
github.com/Wrendra57/Pos-app-be/internal/services/otp_service.go:112.2,117.16 5 0
github.com/Wrendra57/Pos-app-be/internal/services/otp_service.go:117.16,120.3 2 0
github.com/Wrendra57/Pos-app-be/internal/services/otp_service.go:121.2,121.30 1 0
github.com/Wrendra57/Pos-app-be/internal/services/otp_service.go:121.30,123.3 1 0
github.com/Wrendra57/Pos-app-be/internal/services/otp_service.go:126.2,130.20 3 0
github.com/Wrendra57/Pos-app-be/internal/services/otp_service.go:130.20,133.3 2 0
github.com/Wrendra57/Pos-app-be/internal/services/otp_service.go:135.2,136.15 2 0
github.com/Wrendra57/Pos-app-be/internal/services/otp_service.go:136.15,139.3 2 0
github.com/Wrendra57/Pos-app-be/internal/services/otp_service.go:142.2,147.37 3 0
github.com/Wrendra57/Pos-app-be/internal/services/photos_service.go:32.46,38.2 1 0
github.com/Wrendra57/Pos-app-be/internal/services/photos_service.go:40.30,60.55 9 0
github.com/Wrendra57/Pos-app-be/internal/services/photos_service.go:60.55,62.17 2 0
github.com/Wrendra57/Pos-app-be/internal/services/photos_service.go:62.17,64.4 1 0
github.com/Wrendra57/Pos-app-be/internal/services/photos_service.go:67.2,76.40 7 0
github.com/Wrendra57/Pos-app-be/internal/services/supplier_services.go:26.135,32.2 1 0
github.com/Wrendra57/Pos-app-be/internal/services/supplier_services.go:33.137,45.16 6 0
github.com/Wrendra57/Pos-app-be/internal/services/supplier_services.go:45.16,47.3 1 0
github.com/Wrendra57/Pos-app-be/internal/services/supplier_services.go:48.2,48.47 1 0
github.com/Wrendra57/Pos-app-be/internal/services/supplier_services.go:51.132,64.2 6 0
github.com/Wrendra57/Pos-app-be/internal/services/user_service.go:43.55,54.2 1 0
github.com/Wrendra57/Pos-app-be/internal/services/user_service.go:57.31,67.16 6 0
github.com/Wrendra57/Pos-app-be/internal/services/user_service.go:67.16,71.3 2 0
github.com/Wrendra57/Pos-app-be/internal/services/user_service.go:74.2,75.16 2 0
github.com/Wrendra57/Pos-app-be/internal/services/user_service.go:75.16,78.3 1 0
github.com/Wrendra57/Pos-app-be/internal/services/user_service.go:81.2,82.16 2 0
github.com/Wrendra57/Pos-app-be/internal/services/user_service.go:82.16,85.3 1 0
github.com/Wrendra57/Pos-app-be/internal/services/user_service.go:87.2,139.44 17 0
github.com/Wrendra57/Pos-app-be/internal/services/user_service.go:143.8,152.16 5 0
github.com/Wrendra57/Pos-app-be/internal/services/user_service.go:152.16,155.3 1 0
github.com/Wrendra57/Pos-app-be/internal/services/user_service.go:156.2,156.19 1 0
github.com/Wrendra57/Pos-app-be/internal/services/user_service.go:156.19,159.3 1 0
github.com/Wrendra57/Pos-app-be/internal/services/user_service.go:161.2,163.22 2 0
github.com/Wrendra57/Pos-app-be/internal/services/user_service.go:163.22,166.3 1 0
github.com/Wrendra57/Pos-app-be/internal/services/user_service.go:169.2,176.77 5 0
github.com/Wrendra57/Pos-app-be/internal/services/user_service.go:180.97,187.28 4 0
github.com/Wrendra57/Pos-app-be/internal/services/user_service.go:187.28,192.3 4 0
github.com/Wrendra57/Pos-app-be/internal/services/user_service.go:195.2,201.16 5 0
github.com/Wrendra57/Pos-app-be/internal/services/user_service.go:201.16,203.3 1 0
github.com/Wrendra57/Pos-app-be/internal/services/user_service.go:206.2,213.43 5 0
github.com/Wrendra57/Pos-app-be/internal/utils/email.go:15.62,25.41 7 0
github.com/Wrendra57/Pos-app-be/internal/utils/email.go:25.41,28.3 2 0
github.com/Wrendra57/Pos-app-be/internal/utils/email.go:29.2,29.12 1 0
github.com/Wrendra57/Pos-app-be/internal/utils/hashing.go:5.52,8.2 2 0
github.com/Wrendra57/Pos-app-be/internal/utils/hashing.go:9.52,12.2 2 0
github.com/Wrendra57/Pos-app-be/internal/utils/helper.go:9.55,11.16 2 0
github.com/Wrendra57/Pos-app-be/internal/utils/helper.go:11.16,15.3 3 0
github.com/Wrendra57/Pos-app-be/internal/utils/helper.go:15.8,18.3 2 0
github.com/Wrendra57/Pos-app-be/internal/utils/jwt.go:17.64,28.16 5 0
github.com/Wrendra57/Pos-app-be/internal/utils/jwt.go:28.16,30.3 1 0
github.com/Wrendra57/Pos-app-be/internal/utils/jwt.go:31.2,31.25 1 0
github.com/Wrendra57/Pos-app-be/internal/utils/jwt.go:34.53,37.105 2 0
github.com/Wrendra57/Pos-app-be/internal/utils/jwt.go:37.105,39.3 1 0
github.com/Wrendra57/Pos-app-be/internal/utils/jwt.go:40.2,40.16 1 0
github.com/Wrendra57/Pos-app-be/internal/utils/jwt.go:40.16,42.3 1 0
github.com/Wrendra57/Pos-app-be/internal/utils/jwt.go:43.2,43.18 1 0
github.com/Wrendra57/Pos-app-be/internal/utils/jwt.go:43.18,45.3 1 0
github.com/Wrendra57/Pos-app-be/internal/utils/jwt.go:47.2,48.9 2 0
github.com/Wrendra57/Pos-app-be/internal/utils/jwt.go:48.9,50.3 1 0
github.com/Wrendra57/Pos-app-be/internal/utils/jwt.go:52.2,52.20 1 0
github.com/Wrendra57/Pos-app-be/internal/utils/otp.go:9.27,13.2 3 0
github.com/Wrendra57/Pos-app-be/internal/utils/panicIfErr.go:5.30,6.16 1 0
github.com/Wrendra57/Pos-app-be/internal/utils/panicIfErr.go:6.16,8.13 2 0
github.com/Wrendra57/Pos-app-be/internal/utils/exception/custom_error.go:8.55,12.2 1 0
github.com/Wrendra57/Pos-app-be/internal/utils/exception/error_handle.go:16.66,18.58 2 0
github.com/Wrendra57/Pos-app-be/internal/utils/exception/error_handle.go:18.58,20.3 1 0
github.com/Wrendra57/Pos-app-be/internal/utils/exception/error_handle.go:22.2,22.55 1 0
github.com/Wrendra57/Pos-app-be/internal/utils/exception/error_handle.go:22.55,28.3 5 0
github.com/Wrendra57/Pos-app-be/internal/utils/exception/error_handle.go:29.2,29.15 1 0
github.com/Wrendra57/Pos-app-be/internal/utils/exception/error_handle.go:32.62,33.17 1 0
github.com/Wrendra57/Pos-app-be/internal/utils/exception/error_handle.go:34.18,35.56 1 0
github.com/Wrendra57/Pos-app-be/internal/utils/exception/error_handle.go:36.13,37.91 1 0
github.com/Wrendra57/Pos-app-be/internal/utils/exception/error_handle.go:38.13,39.90 1 0
github.com/Wrendra57/Pos-app-be/internal/utils/exception/error_handle.go:40.15,41.74 1 0
github.com/Wrendra57/Pos-app-be/internal/utils/exception/error_handle.go:42.15,43.68 1 0
github.com/Wrendra57/Pos-app-be/internal/utils/exception/error_handle.go:44.18,45.87 1 0
github.com/Wrendra57/Pos-app-be/internal/utils/exception/error_handle.go:47.10,48.91 1 0
github.com/Wrendra57/Pos-app-be/internal/utils/exception/error_handle.go:51.97,60.2 1 0
github.com/Wrendra57/Pos-app-be/internal/utils/exception/error_handle.go:61.76,62.17 1 0
github.com/Wrendra57/Pos-app-be/internal/utils/exception/error_handle.go:62.17,64.3 1 0
github.com/Wrendra57/Pos-app-be/internal/utils/exception/error_handle.go:65.2,70.4 1 0
github.com/Wrendra57/Pos-app-be/internal/utils/exception/error_handle.go:73.59,79.2 1 0
github.com/Wrendra57/Pos-app-be/internal/utils/exception/error_handle.go:81.85,82.17 1 0
github.com/Wrendra57/Pos-app-be/internal/utils/exception/error_handle.go:82.17,85.3 1 0
github.com/Wrendra57/Pos-app-be/internal/utils/exception/error_handle.go:86.2,91.4 1 0
github.com/Wrendra57/Pos-app-be/internal/utils/exception/error_handle.go:93.62,101.2 2 0
github.com/Wrendra57/Pos-app-be/internal/utils/exception/not_found_error.go:7.51,9.2 1 0
github.com/Wrendra57/Pos-app-be/internal/utils/exception/not_found_error.go:15.58,17.2 1 0
github.com/Wrendra57/Pos-app-be/internal/utils/template_response/user.go:8.81,22.2 1 0
github.com/Wrendra57/Pos-app-be/pkg/validator.go:7.40,11.2 2 0
github.com/Wrendra57/Pos-app-be/pkg/validator.go:13.72,15.2 1 0
github.com/Wrendra57/Pos-app-be/pkg/db/db.go:11.51,26.16 9 0
github.com/Wrendra57/Pos-app-be/pkg/db/db.go:26.16,28.3 1 0
github.com/Wrendra57/Pos-app-be/pkg/db/db.go:31.2,31.20 1 0
github.com/Wrendra57/Pos-app-be/pkg/db/db.go:31.20,33.3 1 0
github.com/Wrendra57/Pos-app-be/pkg/db/db.go:35.2,35.25 1 0
github.com/Wrendra57/Pos-app-be/pkg/db/redis.go:5.34,12.2 2 0
github.com/Wrendra57/Pos-app-be/test/server.go:11.51,21.16 8 0
github.com/Wrendra57/Pos-app-be/test/server.go:21.16,23.3 1 0
github.com/Wrendra57/Pos-app-be/test/server.go:26.2,26.20 1 0
github.com/Wrendra57/Pos-app-be/test/server.go:26.20,29.3 1 0
github.com/Wrendra57/Pos-app-be/test/server.go:31.2,31.25 1 0
github.com/Wrendra57/Pos-app-be/test/server.go:34.41,36.16 2 0
github.com/Wrendra57/Pos-app-be/test/server.go:36.16,37.13 1 0
github.com/Wrendra57/Pos-app-be/test/server.go:39.2,39.15 1 0
github.com/Wrendra57/Pos-app-be/test/server.go:39.15,40.17 1 0
github.com/Wrendra57/Pos-app-be/test/server.go:40.17,42.4 1 0
github.com/Wrendra57/Pos-app-be/test/server.go:42.9,44.4 1 0
github.com/Wrendra57/Pos-app-be/test/server.go:46.2,49.16 3 0
github.com/Wrendra57/Pos-app-be/test/server.go:49.16,51.3 1 0
github.com/Wrendra57/Pos-app-be/test/server.go:53.2,53.12 1 0
github.com/Wrendra57/Pos-app-be/test/server.go:55.23,60.45 5 0
github.com/Wrendra57/Pos-app-be/test/server.go:60.45,62.3 1 0
github.com/Wrendra57/Pos-app-be/wire_gen.go:26.50,28.16 2 12
github.com/Wrendra57/Pos-app-be/wire_gen.go:28.16,30.3 1 0
github.com/Wrendra57/Pos-app-be/wire_gen.go:31.2,48.16 18 12
github.com/Wrendra57/Pos-app-be/wire_gen.go:48.16,51.3 2 0
github.com/Wrendra57/Pos-app-be/wire_gen.go:52.2,52.21 1 12
github.com/Wrendra57/Pos-app-be/wire_gen.go:52.21,55.3 2 12
github.com/Wrendra57/Pos-app-be/wire_gen.go:70.31,77.42 6 12
github.com/Wrendra57/Pos-app-be/wire_gen.go:77.42,79.3 1 0
github.com/Wrendra57/Pos-app-be/wire_gen.go:81.2,89.20 8 12
github.com/Wrendra57/Pos-app-be/wire_gen.go:89.20,92.3 2 12
github.com/Wrendra57/Pos-app-be/wire_gen.go:94.2,94.26 1 12
github.com/Wrendra57/Pos-app-be/config/config.go:12.19,18.45 5 12
github.com/Wrendra57/Pos-app-be/config/config.go:18.45,20.3 1 0
github.com/Wrendra57/Pos-app-be/config/database.go:5.31,11.2 2 35
github.com/Wrendra57/Pos-app-be/internal/controllers/brand_controller.go:14.93,15.36 1 12
github.com/Wrendra57/Pos-app-be/internal/controllers/brand_controller.go:15.36,17.50 2 0
github.com/Wrendra57/Pos-app-be/internal/controllers/brand_controller.go:17.50,20.4 2 0
github.com/Wrendra57/Pos-app-be/internal/controllers/brand_controller.go:22.3,22.64 1 0
github.com/Wrendra57/Pos-app-be/internal/controllers/brand_controller.go:22.64,25.4 2 0
github.com/Wrendra57/Pos-app-be/internal/controllers/brand_controller.go:26.3,27.17 2 0
github.com/Wrendra57/Pos-app-be/internal/controllers/brand_controller.go:27.17,29.4 1 0
github.com/Wrendra57/Pos-app-be/internal/controllers/brand_controller.go:30.3,30.54 1 0
github.com/Wrendra57/Pos-app-be/internal/controllers/brand_controller.go:34.91,35.36 1 12
github.com/Wrendra57/Pos-app-be/internal/controllers/brand_controller.go:35.36,42.21 5 0
github.com/Wrendra57/Pos-app-be/internal/controllers/brand_controller.go:42.21,44.18 2 0
github.com/Wrendra57/Pos-app-be/internal/controllers/brand_controller.go:44.18,46.5 1 0
github.com/Wrendra57/Pos-app-be/internal/controllers/brand_controller.go:47.4,47.25 1 0
github.com/Wrendra57/Pos-app-be/internal/controllers/brand_controller.go:48.9,50.4 1 0
github.com/Wrendra57/Pos-app-be/internal/controllers/brand_controller.go:52.3,52.22 1 0
github.com/Wrendra57/Pos-app-be/internal/controllers/brand_controller.go:52.22,54.18 2 0
github.com/Wrendra57/Pos-app-be/internal/controllers/brand_controller.go:54.18,56.5 1 0
github.com/Wrendra57/Pos-app-be/internal/controllers/brand_controller.go:57.4,57.27 1 0
github.com/Wrendra57/Pos-app-be/internal/controllers/brand_controller.go:58.9,60.4 1 0
github.com/Wrendra57/Pos-app-be/internal/controllers/brand_controller.go:63.3,63.64 1 0
github.com/Wrendra57/Pos-app-be/internal/controllers/brand_controller.go:63.64,67.4 2 0
github.com/Wrendra57/Pos-app-be/internal/controllers/brand_controller.go:69.3,70.17 2 0
github.com/Wrendra57/Pos-app-be/internal/controllers/brand_controller.go:70.17,72.4 1 0
github.com/Wrendra57/Pos-app-be/internal/controllers/brand_controller.go:74.3,74.54 1 0
github.com/Wrendra57/Pos-app-be/internal/controllers/category_controller.go:13.99,14.36 1 12
github.com/Wrendra57/Pos-app-be/internal/controllers/category_controller.go:14.36,16.50 2 0
github.com/Wrendra57/Pos-app-be/internal/controllers/category_controller.go:16.50,20.4 2 0
github.com/Wrendra57/Pos-app-be/internal/controllers/category_controller.go:22.3,22.64 1 0
github.com/Wrendra57/Pos-app-be/internal/controllers/category_controller.go:22.64,25.4 2 0
github.com/Wrendra57/Pos-app-be/internal/controllers/category_controller.go:26.3,27.17 2 0
github.com/Wrendra57/Pos-app-be/internal/controllers/category_controller.go:27.17,29.4 1 0
github.com/Wrendra57/Pos-app-be/internal/controllers/category_controller.go:30.3,30.54 1 0
github.com/Wrendra57/Pos-app-be/internal/controllers/category_controller.go:34.97,35.36 1 12
github.com/Wrendra57/Pos-app-be/internal/controllers/category_controller.go:35.36,37.50 2 0
github.com/Wrendra57/Pos-app-be/internal/controllers/category_controller.go:37.50,40.4 2 0
github.com/Wrendra57/Pos-app-be/internal/controllers/category_controller.go:42.3,42.64 1 0
github.com/Wrendra57/Pos-app-be/internal/controllers/category_controller.go:42.64,45.4 2 0
github.com/Wrendra57/Pos-app-be/internal/controllers/category_controller.go:46.3,47.17 2 0
github.com/Wrendra57/Pos-app-be/internal/controllers/category_controller.go:47.17,49.4 1 0
github.com/Wrendra57/Pos-app-be/internal/controllers/category_controller.go:50.3,50.54 1 0
github.com/Wrendra57/Pos-app-be/internal/controllers/otp_controller.go:13.91,14.36 1 12
github.com/Wrendra57/Pos-app-be/internal/controllers/otp_controller.go:14.36,16.50 2 7
github.com/Wrendra57/Pos-app-be/internal/controllers/otp_controller.go:16.50,19.4 2 0
github.com/Wrendra57/Pos-app-be/internal/controllers/otp_controller.go:20.3,23.64 2 7
github.com/Wrendra57/Pos-app-be/internal/controllers/otp_controller.go:23.64,26.4 2 0
github.com/Wrendra57/Pos-app-be/internal/controllers/otp_controller.go:27.3,29.19 2 7
github.com/Wrendra57/Pos-app-be/internal/controllers/otp_controller.go:29.19,31.4 1 6
github.com/Wrendra57/Pos-app-be/internal/controllers/otp_controller.go:33.3,33.65 1 1
github.com/Wrendra57/Pos-app-be/internal/controllers/otp_controller.go:36.89,37.36 1 12
github.com/Wrendra57/Pos-app-be/internal/controllers/otp_controller.go:37.36,43.17 3 5
github.com/Wrendra57/Pos-app-be/internal/controllers/otp_controller.go:43.17,45.4 1 4
github.com/Wrendra57/Pos-app-be/internal/controllers/otp_controller.go:46.3,46.71 1 1
github.com/Wrendra57/Pos-app-be/internal/controllers/photo_controller.go:15.94,16.36 1 12
github.com/Wrendra57/Pos-app-be/internal/controllers/photo_controller.go:16.36,32.64 10 0
github.com/Wrendra57/Pos-app-be/internal/controllers/photo_controller.go:32.64,35.4 2 0
github.com/Wrendra57/Pos-app-be/internal/controllers/photo_controller.go:36.3,37.19 2 0
github.com/Wrendra57/Pos-app-be/internal/controllers/photo_controller.go:37.19,40.4 2 0
github.com/Wrendra57/Pos-app-be/internal/controllers/photo_controller.go:42.3,42.57 1 0
github.com/Wrendra57/Pos-app-be/internal/controllers/supplier_controller.go:13.99,14.36 1 12
github.com/Wrendra57/Pos-app-be/internal/controllers/supplier_controller.go:14.36,16.50 2 0
github.com/Wrendra57/Pos-app-be/internal/controllers/supplier_controller.go:16.50,19.4 2 0
github.com/Wrendra57/Pos-app-be/internal/controllers/supplier_controller.go:21.3,21.64 1 0
github.com/Wrendra57/Pos-app-be/internal/controllers/supplier_controller.go:21.64,24.4 2 0
github.com/Wrendra57/Pos-app-be/internal/controllers/supplier_controller.go:25.3,26.17 2 0
github.com/Wrendra57/Pos-app-be/internal/controllers/supplier_controller.go:26.17,28.4 1 0
github.com/Wrendra57/Pos-app-be/internal/controllers/supplier_controller.go:29.3,29.54 1 0
github.com/Wrendra57/Pos-app-be/internal/controllers/supplier_controller.go:33.105,34.36 1 12
github.com/Wrendra57/Pos-app-be/internal/controllers/supplier_controller.go:34.36,36.50 2 0
github.com/Wrendra57/Pos-app-be/internal/controllers/supplier_controller.go:36.50,39.4 2 0
github.com/Wrendra57/Pos-app-be/internal/controllers/supplier_controller.go:41.3,41.64 1 0
github.com/Wrendra57/Pos-app-be/internal/controllers/supplier_controller.go:41.64,44.4 2 0
github.com/Wrendra57/Pos-app-be/internal/controllers/supplier_controller.go:45.3,46.54 2 0
github.com/Wrendra57/Pos-app-be/internal/controllers/user_contoller.go:16.91,17.36 1 12
github.com/Wrendra57/Pos-app-be/internal/controllers/user_contoller.go:17.36,24.29 5 0
github.com/Wrendra57/Pos-app-be/internal/controllers/user_contoller.go:24.29,27.4 2 0
github.com/Wrendra57/Pos-app-be/internal/controllers/user_contoller.go:28.3,29.17 2 0
github.com/Wrendra57/Pos-app-be/internal/controllers/user_contoller.go:29.17,32.4 2 0
github.com/Wrendra57/Pos-app-be/internal/controllers/user_contoller.go:34.3,37.64 2 0
github.com/Wrendra57/Pos-app-be/internal/controllers/user_contoller.go:37.64,40.4 2 0
github.com/Wrendra57/Pos-app-be/internal/controllers/user_contoller.go:41.3,43.17 2 0
github.com/Wrendra57/Pos-app-be/internal/controllers/user_contoller.go:43.17,45.4 1 0
github.com/Wrendra57/Pos-app-be/internal/controllers/user_contoller.go:47.3,54.54 3 0
github.com/Wrendra57/Pos-app-be/internal/controllers/user_contoller.go:58.90,59.36 1 12
github.com/Wrendra57/Pos-app-be/internal/controllers/user_contoller.go:59.36,64.64 4 0
github.com/Wrendra57/Pos-app-be/internal/controllers/user_contoller.go:64.64,67.4 2 0
github.com/Wrendra57/Pos-app-be/internal/controllers/user_contoller.go:69.3,71.10 2 0
github.com/Wrendra57/Pos-app-be/internal/controllers/user_contoller.go:71.10,73.4 1 0
github.com/Wrendra57/Pos-app-be/internal/controllers/user_contoller.go:74.3,74.63 1 0
github.com/Wrendra57/Pos-app-be/internal/controllers/user_contoller.go:79.57,80.36 1 12
github.com/Wrendra57/Pos-app-be/internal/controllers/user_contoller.go:80.36,83.10 3 0
github.com/Wrendra57/Pos-app-be/internal/controllers/user_contoller.go:83.10,85.4 1 0
github.com/Wrendra57/Pos-app-be/internal/controllers/user_contoller.go:86.3,88.66 3 0
github.com/Wrendra57/Pos-app-be/internal/middleware/auth_middleware.go:10.35,11.34 1 60
github.com/Wrendra57/Pos-app-be/internal/middleware/auth_middleware.go:11.34,14.23 2 0
github.com/Wrendra57/Pos-app-be/internal/middleware/auth_middleware.go:14.23,16.4 1 0
github.com/Wrendra57/Pos-app-be/internal/middleware/auth_middleware.go:18.3,18.48 1 0
github.com/Wrendra57/Pos-app-be/internal/middleware/auth_middleware.go:18.48,20.4 1 0
github.com/Wrendra57/Pos-app-be/internal/middleware/auth_middleware.go:23.3,28.17 3 0
github.com/Wrendra57/Pos-app-be/internal/middleware/auth_middleware.go:28.17,30.4 1 0
github.com/Wrendra57/Pos-app-be/internal/middleware/auth_middleware.go:31.3,34.18 3 0
github.com/Wrendra57/Pos-app-be/internal/middleware/error_handling.go:8.40,9.34 1 12
github.com/Wrendra57/Pos-app-be/internal/middleware/error_handling.go:9.34,10.16 1 12
github.com/Wrendra57/Pos-app-be/internal/middleware/error_handling.go:10.16,11.32 1 12
github.com/Wrendra57/Pos-app-be/internal/middleware/error_handling.go:11.32,19.5 2 0
github.com/Wrendra57/Pos-app-be/internal/middleware/error_handling.go:21.3,21.18 1 12
github.com/Wrendra57/Pos-app-be/internal/repositories/brand_repository.go:19.43,21.2 1 12
github.com/Wrendra57/Pos-app-be/internal/repositories/brand_repository.go:23.106,31.16 5 0
github.com/Wrendra57/Pos-app-be/internal/repositories/brand_repository.go:31.16,33.3 1 0
github.com/Wrendra57/Pos-app-be/internal/repositories/brand_repository.go:34.2,35.19 2 0
github.com/Wrendra57/Pos-app-be/internal/repositories/brand_repository.go:38.116,53.18 7 0
github.com/Wrendra57/Pos-app-be/internal/repositories/brand_repository.go:53.18,58.3 4 0
github.com/Wrendra57/Pos-app-be/internal/repositories/brand_repository.go:59.2,59.15 1 0
github.com/Wrendra57/Pos-app-be/internal/repositories/categories_respository.go:21.54,23.2 1 12
github.com/Wrendra57/Pos-app-be/internal/repositories/categories_respository.go:25.114,32.16 5 0
github.com/Wrendra57/Pos-app-be/internal/repositories/categories_respository.go:32.16,35.3 2 0
github.com/Wrendra57/Pos-app-be/internal/repositories/categories_respository.go:36.2,37.15 2 0
github.com/Wrendra57/Pos-app-be/internal/repositories/categories_respository.go:40.60,55.18 7 0
github.com/Wrendra57/Pos-app-be/internal/repositories/categories_respository.go:55.18,60.3 4 0
github.com/Wrendra57/Pos-app-be/internal/repositories/categories_respository.go:61.2,61.19 1 0
github.com/Wrendra57/Pos-app-be/internal/repositories/oauth_repository.go:26.43,28.2 1 28
github.com/Wrendra57/Pos-app-be/internal/repositories/oauth_repository.go:30.117,38.16 5 14
github.com/Wrendra57/Pos-app-be/internal/repositories/oauth_repository.go:38.16,41.3 2 0
github.com/Wrendra57/Pos-app-be/internal/repositories/oauth_repository.go:43.2,43.19 1 14
github.com/Wrendra57/Pos-app-be/internal/repositories/oauth_repository.go:47.9,57.16 5 0
github.com/Wrendra57/Pos-app-be/internal/repositories/oauth_repository.go:57.16,60.3 2 0
github.com/Wrendra57/Pos-app-be/internal/repositories/oauth_repository.go:62.2,62.19 1 0
github.com/Wrendra57/Pos-app-be/internal/repositories/oauth_repository.go:65.9,76.16 5 0
github.com/Wrendra57/Pos-app-be/internal/repositories/oauth_repository.go:76.16,79.3 2 0
github.com/Wrendra57/Pos-app-be/internal/repositories/oauth_repository.go:81.2,81.19 1 0
github.com/Wrendra57/Pos-app-be/internal/repositories/oauth_repository.go:83.104,93.16 5 10
github.com/Wrendra57/Pos-app-be/internal/repositories/oauth_repository.go:93.16,96.3 2 2
github.com/Wrendra57/Pos-app-be/internal/repositories/oauth_repository.go:97.2,97.19 1 8
github.com/Wrendra57/Pos-app-be/internal/repositories/oauth_repository.go:100.121,105.19 4 3
github.com/Wrendra57/Pos-app-be/internal/repositories/oauth_repository.go:105.19,109.3 3 0
github.com/Wrendra57/Pos-app-be/internal/repositories/oauth_repository.go:110.2,110.22 1 3
github.com/Wrendra57/Pos-app-be/internal/repositories/oauth_repository.go:110.22,114.3 3 0
github.com/Wrendra57/Pos-app-be/internal/repositories/oauth_repository.go:115.2,115.22 1 3
github.com/Wrendra57/Pos-app-be/internal/repositories/oauth_repository.go:115.22,119.3 3 0
github.com/Wrendra57/Pos-app-be/internal/repositories/oauth_repository.go:120.2,137.16 12 3
github.com/Wrendra57/Pos-app-be/internal/repositories/oauth_repository.go:137.16,139.3 1 0
github.com/Wrendra57/Pos-app-be/internal/repositories/oauth_repository.go:142.2,147.16 4 3
github.com/Wrendra57/Pos-app-be/internal/repositories/oauth_repository.go:147.16,149.3 1 0
github.com/Wrendra57/Pos-app-be/internal/repositories/oauth_repository.go:151.2,151.15 1 3
github.com/Wrendra57/Pos-app-be/internal/repositories/oauth_repository.go:154.112,165.16 5 0
github.com/Wrendra57/Pos-app-be/internal/repositories/oauth_repository.go:165.16,168.3 2 0
github.com/Wrendra57/Pos-app-be/internal/repositories/oauth_repository.go:169.2,169.19 1 0
github.com/Wrendra57/Pos-app-be/internal/repositories/otp_repository.go:24.39,26.2 1 34
github.com/Wrendra57/Pos-app-be/internal/repositories/otp_repository.go:28.99,38.16 5 21
github.com/Wrendra57/Pos-app-be/internal/repositories/otp_repository.go:38.16,41.3 2 0
github.com/Wrendra57/Pos-app-be/internal/repositories/otp_repository.go:43.2,45.15 3 21
github.com/Wrendra57/Pos-app-be/internal/repositories/otp_repository.go:48.105,58.17 6 6
github.com/Wrendra57/Pos-app-be/internal/repositories/otp_repository.go:58.17,62.3 3 5
github.com/Wrendra57/Pos-app-be/internal/repositories/otp_repository.go:62.8,64.3 1 1
github.com/Wrendra57/Pos-app-be/internal/repositories/otp_repository.go:67.150,77.18 6 2
github.com/Wrendra57/Pos-app-be/internal/repositories/otp_repository.go:77.18,82.3 4 8
github.com/Wrendra57/Pos-app-be/internal/repositories/otp_repository.go:83.2,83.18 1 2
github.com/Wrendra57/Pos-app-be/internal/repositories/photos_repository.go:22.45,24.2 1 26
github.com/Wrendra57/Pos-app-be/internal/repositories/photos_repository.go:26.115,36.16 5 14
github.com/Wrendra57/Pos-app-be/internal/repositories/photos_repository.go:36.16,39.3 2 0
github.com/Wrendra57/Pos-app-be/internal/repositories/photos_repository.go:41.2,42.20 2 14
github.com/Wrendra57/Pos-app-be/internal/repositories/photos_repository.go:45.108,54.17 6 0
github.com/Wrendra57/Pos-app-be/internal/repositories/photos_repository.go:54.17,58.3 3 0
github.com/Wrendra57/Pos-app-be/internal/repositories/photos_repository.go:58.8,60.3 1 0
github.com/Wrendra57/Pos-app-be/internal/repositories/role_repository.go:22.41,24.2 1 26
github.com/Wrendra57/Pos-app-be/internal/repositories/role_repository.go:26.110,35.16 5 14
github.com/Wrendra57/Pos-app-be/internal/repositories/role_repository.go:35.16,38.3 2 0
github.com/Wrendra57/Pos-app-be/internal/repositories/role_repository.go:39.2,40.19 2 14
github.com/Wrendra57/Pos-app-be/internal/repositories/role_repository.go:43.109,53.17 6 0
github.com/Wrendra57/Pos-app-be/internal/repositories/role_repository.go:53.17,58.3 3 0
github.com/Wrendra57/Pos-app-be/internal/repositories/role_repository.go:58.8,60.3 1 0
github.com/Wrendra57/Pos-app-be/internal/repositories/role_repository.go:62.2,62.23 1 0
github.com/Wrendra57/Pos-app-be/internal/repositories/supplier_repository.go:20.49,22.2 1 12
github.com/Wrendra57/Pos-app-be/internal/repositories/supplier_repository.go:23.123,31.16 5 0
github.com/Wrendra57/Pos-app-be/internal/repositories/supplier_repository.go:31.16,33.3 1 0
github.com/Wrendra57/Pos-app-be/internal/repositories/supplier_repository.go:34.2,35.22 2 0
github.com/Wrendra57/Pos-app-be/internal/repositories/supplier_repository.go:37.131,51.18 7 0
github.com/Wrendra57/Pos-app-be/internal/repositories/supplier_repository.go:51.18,56.3 4 0
github.com/Wrendra57/Pos-app-be/internal/repositories/supplier_repository.go:57.2,58.23 2 0
github.com/Wrendra57/Pos-app-be/internal/repositories/user_repository.go:23.41,25.2 1 26
github.com/Wrendra57/Pos-app-be/internal/repositories/user_repository.go:27.112,37.16 5 14
github.com/Wrendra57/Pos-app-be/internal/repositories/user_repository.go:37.16,40.3 2 0
github.com/Wrendra57/Pos-app-be/internal/repositories/user_repository.go:42.2,43.18 2 14
github.com/Wrendra57/Pos-app-be/internal/repositories/user_repository.go:46.103,55.17 6 0
github.com/Wrendra57/Pos-app-be/internal/repositories/user_repository.go:55.17,60.3 3 0
github.com/Wrendra57/Pos-app-be/internal/repositories/user_repository.go:60.8,62.3 1 0
github.com/Wrendra57/Pos-app-be/internal/repositories/user_repository.go:65.115,90.17 6 0
github.com/Wrendra57/Pos-app-be/internal/repositories/user_repository.go:90.17,95.3 3 0
github.com/Wrendra57/Pos-app-be/internal/repositories/user_repository.go:95.8,97.3 1 0
github.com/Wrendra57/Pos-app-be/internal/routes/brand_routes.go:11.95,14.2 2 12
github.com/Wrendra57/Pos-app-be/internal/routes/category_routes.go:11.106,14.2 2 12
github.com/Wrendra57/Pos-app-be/internal/routes/otp_routes.go:10.96,13.2 2 12
github.com/Wrendra57/Pos-app-be/internal/routes/photos.go:11.102,13.2 1 12
github.com/Wrendra57/Pos-app-be/internal/routes/supplier_routes.go:11.111,14.2 2 12
github.com/Wrendra57/Pos-app-be/internal/routes/user_routes.go:11.95,15.2 3 12
github.com/Wrendra57/Pos-app-be/internal/services/brand_services.go:26.123,32.2 1 12
github.com/Wrendra57/Pos-app-be/internal/services/brand_services.go:34.30,45.16 6 0
github.com/Wrendra57/Pos-app-be/internal/services/brand_services.go:45.16,48.3 1 0
github.com/Wrendra57/Pos-app-be/internal/services/brand_services.go:50.2,50.44 1 0
github.com/Wrendra57/Pos-app-be/internal/services/brand_services.go:52.128,67.2 6 0
github.com/Wrendra57/Pos-app-be/internal/services/category_service.go:28.138,34.2 1 12
github.com/Wrendra57/Pos-app-be/internal/services/category_service.go:36.139,50.16 6 0
github.com/Wrendra57/Pos-app-be/internal/services/category_service.go:50.16,52.3 1 0
github.com/Wrendra57/Pos-app-be/internal/services/category_service.go:53.2,53.47 1 0
github.com/Wrendra57/Pos-app-be/internal/services/category_service.go:56.149,70.2 6 0
github.com/Wrendra57/Pos-app-be/internal/services/otp_service.go:33.79,41.2 1 12
github.com/Wrendra57/Pos-app-be/internal/services/otp_service.go:43.106,59.16 7 1
github.com/Wrendra57/Pos-app-be/internal/services/otp_service.go:59.16,61.3 1 0
github.com/Wrendra57/Pos-app-be/internal/services/otp_service.go:62.2,62.42 1 1
github.com/Wrendra57/Pos-app-be/internal/services/otp_service.go:65.123,67.16 2 7
github.com/Wrendra57/Pos-app-be/internal/services/otp_service.go:67.16,70.3 2 1
github.com/Wrendra57/Pos-app-be/internal/services/otp_service.go:71.2,81.16 6 6
github.com/Wrendra57/Pos-app-be/internal/services/otp_service.go:81.16,83.3 1 1
github.com/Wrendra57/Pos-app-be/internal/services/otp_service.go:84.2,84.29 1 5
github.com/Wrendra57/Pos-app-be/internal/services/otp_service.go:84.29,86.3 1 1
github.com/Wrendra57/Pos-app-be/internal/services/otp_service.go:88.2,89.16 2 4
github.com/Wrendra57/Pos-app-be/internal/services/otp_service.go:89.16,91.3 1 1
github.com/Wrendra57/Pos-app-be/internal/services/otp_service.go:92.2,92.34 1 3
github.com/Wrendra57/Pos-app-be/internal/services/otp_service.go:92.34,94.3 1 1
github.com/Wrendra57/Pos-app-be/internal/services/otp_service.go:96.2,96.22 1 2
github.com/Wrendra57/Pos-app-be/internal/services/otp_service.go:96.22,98.3 1 1
github.com/Wrendra57/Pos-app-be/internal/services/otp_service.go:101.2,104.37 3 1
github.com/Wrendra57/Pos-app-be/internal/services/otp_service.go:107.95,109.16 2 5
github.com/Wrendra57/Pos-app-be/internal/services/otp_service.go:109.16,111.3 1 1
github.com/Wrendra57/Pos-app-be/internal/services/otp_service.go:112.2,117.16 5 4
github.com/Wrendra57/Pos-app-be/internal/services/otp_service.go:117.16,120.3 2 1
github.com/Wrendra57/Pos-app-be/internal/services/otp_service.go:121.2,121.30 1 3
github.com/Wrendra57/Pos-app-be/internal/services/otp_service.go:121.30,123.3 1 1
github.com/Wrendra57/Pos-app-be/internal/services/otp_service.go:126.2,130.20 3 2
github.com/Wrendra57/Pos-app-be/internal/services/otp_service.go:130.20,133.3 2 1
github.com/Wrendra57/Pos-app-be/internal/services/otp_service.go:135.2,136.15 2 1
github.com/Wrendra57/Pos-app-be/internal/services/otp_service.go:136.15,139.3 2 0
github.com/Wrendra57/Pos-app-be/internal/services/otp_service.go:142.2,147.37 3 1
github.com/Wrendra57/Pos-app-be/internal/services/photos_service.go:32.46,38.2 1 12
github.com/Wrendra57/Pos-app-be/internal/services/photos_service.go:40.30,60.55 9 0
github.com/Wrendra57/Pos-app-be/internal/services/photos_service.go:60.55,62.17 2 0
github.com/Wrendra57/Pos-app-be/internal/services/photos_service.go:62.17,64.4 1 0
github.com/Wrendra57/Pos-app-be/internal/services/photos_service.go:67.2,76.40 7 0
github.com/Wrendra57/Pos-app-be/internal/services/supplier_services.go:26.135,32.2 1 12
github.com/Wrendra57/Pos-app-be/internal/services/supplier_services.go:33.137,45.16 6 0
github.com/Wrendra57/Pos-app-be/internal/services/supplier_services.go:45.16,47.3 1 0
github.com/Wrendra57/Pos-app-be/internal/services/supplier_services.go:48.2,48.47 1 0
github.com/Wrendra57/Pos-app-be/internal/services/supplier_services.go:51.132,64.2 6 0
github.com/Wrendra57/Pos-app-be/internal/services/user_service.go:43.55,54.2 1 12
github.com/Wrendra57/Pos-app-be/internal/services/user_service.go:57.31,67.16 6 0
github.com/Wrendra57/Pos-app-be/internal/services/user_service.go:67.16,71.3 2 0
github.com/Wrendra57/Pos-app-be/internal/services/user_service.go:74.2,75.16 2 0
github.com/Wrendra57/Pos-app-be/internal/services/user_service.go:75.16,78.3 1 0
github.com/Wrendra57/Pos-app-be/internal/services/user_service.go:81.2,82.16 2 0
github.com/Wrendra57/Pos-app-be/internal/services/user_service.go:82.16,85.3 1 0
github.com/Wrendra57/Pos-app-be/internal/services/user_service.go:87.2,139.44 17 0
github.com/Wrendra57/Pos-app-be/internal/services/user_service.go:143.8,152.16 5 0
github.com/Wrendra57/Pos-app-be/internal/services/user_service.go:152.16,155.3 1 0
github.com/Wrendra57/Pos-app-be/internal/services/user_service.go:156.2,156.19 1 0
github.com/Wrendra57/Pos-app-be/internal/services/user_service.go:156.19,159.3 1 0
github.com/Wrendra57/Pos-app-be/internal/services/user_service.go:161.2,163.22 2 0
github.com/Wrendra57/Pos-app-be/internal/services/user_service.go:163.22,166.3 1 0
github.com/Wrendra57/Pos-app-be/internal/services/user_service.go:169.2,176.77 5 0
github.com/Wrendra57/Pos-app-be/internal/services/user_service.go:180.97,187.28 4 0
github.com/Wrendra57/Pos-app-be/internal/services/user_service.go:187.28,192.3 4 0
github.com/Wrendra57/Pos-app-be/internal/services/user_service.go:195.2,201.16 5 0
github.com/Wrendra57/Pos-app-be/internal/services/user_service.go:201.16,203.3 1 0
github.com/Wrendra57/Pos-app-be/internal/services/user_service.go:206.2,213.43 5 0
github.com/Wrendra57/Pos-app-be/internal/utils/email.go:15.62,25.41 7 0
github.com/Wrendra57/Pos-app-be/internal/utils/email.go:25.41,28.3 2 0
github.com/Wrendra57/Pos-app-be/internal/utils/email.go:29.2,29.12 1 0
github.com/Wrendra57/Pos-app-be/internal/utils/hashing.go:5.52,8.2 2 14
github.com/Wrendra57/Pos-app-be/internal/utils/hashing.go:9.52,12.2 2 0
github.com/Wrendra57/Pos-app-be/internal/utils/helper.go:9.55,11.16 2 35
github.com/Wrendra57/Pos-app-be/internal/utils/helper.go:11.16,15.3 3 0
github.com/Wrendra57/Pos-app-be/internal/utils/helper.go:15.8,18.3 2 35
github.com/Wrendra57/Pos-app-be/internal/utils/jwt.go:17.64,28.16 5 14
github.com/Wrendra57/Pos-app-be/internal/utils/jwt.go:28.16,30.3 1 0
github.com/Wrendra57/Pos-app-be/internal/utils/jwt.go:31.2,31.25 1 14
github.com/Wrendra57/Pos-app-be/internal/utils/jwt.go:34.53,37.105 2 12
github.com/Wrendra57/Pos-app-be/internal/utils/jwt.go:37.105,39.3 1 11
github.com/Wrendra57/Pos-app-be/internal/utils/jwt.go:40.2,40.16 1 12
github.com/Wrendra57/Pos-app-be/internal/utils/jwt.go:40.16,42.3 1 2
github.com/Wrendra57/Pos-app-be/internal/utils/jwt.go:43.2,43.18 1 10
github.com/Wrendra57/Pos-app-be/internal/utils/jwt.go:43.18,45.3 1 0
github.com/Wrendra57/Pos-app-be/internal/utils/jwt.go:47.2,48.9 2 10
github.com/Wrendra57/Pos-app-be/internal/utils/jwt.go:48.9,50.3 1 0
github.com/Wrendra57/Pos-app-be/internal/utils/jwt.go:52.2,52.20 1 10
github.com/Wrendra57/Pos-app-be/internal/utils/otp.go:9.27,13.2 3 15
github.com/Wrendra57/Pos-app-be/internal/utils/panicIfErr.go:5.30,6.16 1 174
github.com/Wrendra57/Pos-app-be/internal/utils/panicIfErr.go:6.16,8.13 2 0
github.com/Wrendra57/Pos-app-be/internal/utils/exception/custom_error.go:8.55,12.2 1 0
github.com/Wrendra57/Pos-app-be/internal/utils/exception/error_handle.go:16.66,18.58 2 0
github.com/Wrendra57/Pos-app-be/internal/utils/exception/error_handle.go:18.58,20.3 1 0
github.com/Wrendra57/Pos-app-be/internal/utils/exception/error_handle.go:22.2,22.55 1 0
github.com/Wrendra57/Pos-app-be/internal/utils/exception/error_handle.go:22.55,28.3 5 0
github.com/Wrendra57/Pos-app-be/internal/utils/exception/error_handle.go:29.2,29.15 1 0
github.com/Wrendra57/Pos-app-be/internal/utils/exception/error_handle.go:32.62,33.17 1 0
github.com/Wrendra57/Pos-app-be/internal/utils/exception/error_handle.go:34.18,35.56 1 0
github.com/Wrendra57/Pos-app-be/internal/utils/exception/error_handle.go:36.13,37.91 1 0
github.com/Wrendra57/Pos-app-be/internal/utils/exception/error_handle.go:38.13,39.90 1 0
github.com/Wrendra57/Pos-app-be/internal/utils/exception/error_handle.go:40.15,41.74 1 0
github.com/Wrendra57/Pos-app-be/internal/utils/exception/error_handle.go:42.15,43.68 1 0
github.com/Wrendra57/Pos-app-be/internal/utils/exception/error_handle.go:44.18,45.87 1 0
github.com/Wrendra57/Pos-app-be/internal/utils/exception/error_handle.go:47.10,48.91 1 0
github.com/Wrendra57/Pos-app-be/internal/utils/exception/error_handle.go:51.97,60.2 1 0
github.com/Wrendra57/Pos-app-be/internal/utils/exception/error_handle.go:61.76,62.17 1 2
github.com/Wrendra57/Pos-app-be/internal/utils/exception/error_handle.go:62.17,64.3 1 2
github.com/Wrendra57/Pos-app-be/internal/utils/exception/error_handle.go:65.2,70.4 1 2
github.com/Wrendra57/Pos-app-be/internal/utils/exception/error_handle.go:73.59,79.2 1 0
github.com/Wrendra57/Pos-app-be/internal/utils/exception/error_handle.go:81.85,82.17 1 10
github.com/Wrendra57/Pos-app-be/internal/utils/exception/error_handle.go:82.17,85.3 1 10
github.com/Wrendra57/Pos-app-be/internal/utils/exception/error_handle.go:86.2,91.4 1 10
github.com/Wrendra57/Pos-app-be/internal/utils/exception/error_handle.go:93.62,101.2 2 0
github.com/Wrendra57/Pos-app-be/internal/utils/exception/not_found_error.go:7.51,9.2 1 0
github.com/Wrendra57/Pos-app-be/internal/utils/exception/not_found_error.go:15.58,17.2 1 0
github.com/Wrendra57/Pos-app-be/pkg/validator.go:7.40,11.2 2 12
github.com/Wrendra57/Pos-app-be/pkg/validator.go:13.72,15.2 1 7
github.com/Wrendra57/Pos-app-be/pkg/db/db.go:11.51,26.16 9 12
github.com/Wrendra57/Pos-app-be/pkg/db/db.go:26.16,28.3 1 0
github.com/Wrendra57/Pos-app-be/pkg/db/db.go:31.2,31.20 1 12
github.com/Wrendra57/Pos-app-be/pkg/db/db.go:31.20,33.3 1 12
github.com/Wrendra57/Pos-app-be/pkg/db/db.go:35.2,35.25 1 12
github.com/Wrendra57/Pos-app-be/pkg/db/redis.go:5.34,12.2 2 12
github.com/Wrendra57/Pos-app-be/test/server.go:11.51,21.16 8 12
github.com/Wrendra57/Pos-app-be/test/server.go:21.16,23.3 1 0
github.com/Wrendra57/Pos-app-be/test/server.go:26.2,26.20 1 12
github.com/Wrendra57/Pos-app-be/test/server.go:26.20,29.3 1 0
github.com/Wrendra57/Pos-app-be/test/server.go:31.2,31.25 1 12
github.com/Wrendra57/Pos-app-be/test/server.go:34.41,36.16 2 14
github.com/Wrendra57/Pos-app-be/test/server.go:36.16,37.13 1 0
github.com/Wrendra57/Pos-app-be/test/server.go:39.2,39.15 1 14
github.com/Wrendra57/Pos-app-be/test/server.go:39.15,40.17 1 14
github.com/Wrendra57/Pos-app-be/test/server.go:40.17,42.4 1 0
github.com/Wrendra57/Pos-app-be/test/server.go:42.9,44.4 1 14
github.com/Wrendra57/Pos-app-be/test/server.go:46.2,49.16 3 14
github.com/Wrendra57/Pos-app-be/test/server.go:49.16,51.3 1 0
github.com/Wrendra57/Pos-app-be/test/server.go:53.2,53.12 1 14
github.com/Wrendra57/Pos-app-be/test/server.go:55.23,60.45 5 12
github.com/Wrendra57/Pos-app-be/test/server.go:60.45,62.3 1 0
github.com/Wrendra57/Pos-app-be/test/api/otptest/validationOtp.go:15.65,25.2 7 2
github.com/Wrendra57/Pos-app-be/test/api/otptest/validationOtp.go:26.73,35.2 7 2
github.com/Wrendra57/Pos-app-be/test/api/otptest/validationOtp.go:36.42,38.16 2 1
github.com/Wrendra57/Pos-app-be/test/api/otptest/validationOtp.go:38.16,39.13 1 0
github.com/Wrendra57/Pos-app-be/test/api/otptest/validationOtp.go:41.2,41.15 1 1
github.com/Wrendra57/Pos-app-be/test/api/otptest/validationOtp.go:41.15,42.17 1 1
github.com/Wrendra57/Pos-app-be/test/api/otptest/validationOtp.go:42.17,44.4 1 0
github.com/Wrendra57/Pos-app-be/test/api/otptest/validationOtp.go:44.9,46.4 1 1
github.com/Wrendra57/Pos-app-be/test/api/otptest/validationOtp.go:48.2,50.16 3 1
github.com/Wrendra57/Pos-app-be/test/api/otptest/validationOtp.go:50.16,52.3 1 0
github.com/Wrendra57/Pos-app-be/test/api/otptest/validationOtp.go:54.2,54.12 1 1
github.com/Wrendra57/Pos-app-be/test/api/otptest/validationOtp.go:57.65,59.16 2 1
github.com/Wrendra57/Pos-app-be/test/api/otptest/validationOtp.go:59.16,60.13 1 0
github.com/Wrendra57/Pos-app-be/test/api/otptest/validationOtp.go:62.2,62.15 1 1
github.com/Wrendra57/Pos-app-be/test/api/otptest/validationOtp.go:62.15,63.17 1 1
github.com/Wrendra57/Pos-app-be/test/api/otptest/validationOtp.go:63.17,65.4 1 0
github.com/Wrendra57/Pos-app-be/test/api/otptest/validationOtp.go:65.9,67.4 1 1
github.com/Wrendra57/Pos-app-be/test/api/otptest/validationOtp.go:69.2,71.16 3 1
github.com/Wrendra57/Pos-app-be/test/api/otptest/validationOtp.go:71.16,73.3 1 0
github.com/Wrendra57/Pos-app-be/test/api/otptest/validationOtp.go:75.2,75.12 1 1
github.com/Wrendra57/Pos-app-be/test/api/otptest/validationOtp.go:77.60,87.2 7 6
github.com/Wrendra57/Pos-app-be/wire_gen.go:26.50,28.16 2 16
github.com/Wrendra57/Pos-app-be/wire_gen.go:28.16,30.3 1 0
github.com/Wrendra57/Pos-app-be/wire_gen.go:31.2,48.16 18 16
github.com/Wrendra57/Pos-app-be/wire_gen.go:48.16,51.3 2 0
github.com/Wrendra57/Pos-app-be/wire_gen.go:52.2,52.21 1 16
github.com/Wrendra57/Pos-app-be/wire_gen.go:52.21,55.3 2 16
github.com/Wrendra57/Pos-app-be/wire_gen.go:70.31,77.42 6 16
github.com/Wrendra57/Pos-app-be/wire_gen.go:77.42,79.3 1 0
github.com/Wrendra57/Pos-app-be/wire_gen.go:81.2,89.20 8 16
github.com/Wrendra57/Pos-app-be/wire_gen.go:89.20,92.3 2 16
github.com/Wrendra57/Pos-app-be/wire_gen.go:94.2,94.26 1 16
github.com/Wrendra57/Pos-app-be/config/config.go:12.19,18.45 5 16
github.com/Wrendra57/Pos-app-be/config/config.go:18.45,20.3 1 0
github.com/Wrendra57/Pos-app-be/config/database.go:5.31,11.2 2 17
github.com/Wrendra57/Pos-app-be/internal/controllers/brand_controller.go:14.93,15.36 1 16
github.com/Wrendra57/Pos-app-be/internal/controllers/brand_controller.go:15.36,17.50 2 0
github.com/Wrendra57/Pos-app-be/internal/controllers/brand_controller.go:17.50,20.4 2 0
github.com/Wrendra57/Pos-app-be/internal/controllers/brand_controller.go:22.3,22.64 1 0
github.com/Wrendra57/Pos-app-be/internal/controllers/brand_controller.go:22.64,25.4 2 0
github.com/Wrendra57/Pos-app-be/internal/controllers/brand_controller.go:26.3,27.17 2 0
github.com/Wrendra57/Pos-app-be/internal/controllers/brand_controller.go:27.17,29.4 1 0
github.com/Wrendra57/Pos-app-be/internal/controllers/brand_controller.go:30.3,30.54 1 0
github.com/Wrendra57/Pos-app-be/internal/controllers/brand_controller.go:34.91,35.36 1 16
github.com/Wrendra57/Pos-app-be/internal/controllers/brand_controller.go:35.36,42.21 5 0
github.com/Wrendra57/Pos-app-be/internal/controllers/brand_controller.go:42.21,44.18 2 0
github.com/Wrendra57/Pos-app-be/internal/controllers/brand_controller.go:44.18,46.5 1 0
github.com/Wrendra57/Pos-app-be/internal/controllers/brand_controller.go:47.4,47.25 1 0
github.com/Wrendra57/Pos-app-be/internal/controllers/brand_controller.go:48.9,50.4 1 0
github.com/Wrendra57/Pos-app-be/internal/controllers/brand_controller.go:52.3,52.22 1 0
github.com/Wrendra57/Pos-app-be/internal/controllers/brand_controller.go:52.22,54.18 2 0
github.com/Wrendra57/Pos-app-be/internal/controllers/brand_controller.go:54.18,56.5 1 0
github.com/Wrendra57/Pos-app-be/internal/controllers/brand_controller.go:57.4,57.27 1 0
github.com/Wrendra57/Pos-app-be/internal/controllers/brand_controller.go:58.9,60.4 1 0
github.com/Wrendra57/Pos-app-be/internal/controllers/brand_controller.go:63.3,63.64 1 0
github.com/Wrendra57/Pos-app-be/internal/controllers/brand_controller.go:63.64,67.4 2 0
github.com/Wrendra57/Pos-app-be/internal/controllers/brand_controller.go:69.3,70.17 2 0
github.com/Wrendra57/Pos-app-be/internal/controllers/brand_controller.go:70.17,72.4 1 0
github.com/Wrendra57/Pos-app-be/internal/controllers/brand_controller.go:74.3,74.54 1 0
github.com/Wrendra57/Pos-app-be/internal/controllers/category_controller.go:13.99,14.36 1 16
github.com/Wrendra57/Pos-app-be/internal/controllers/category_controller.go:14.36,16.50 2 0
github.com/Wrendra57/Pos-app-be/internal/controllers/category_controller.go:16.50,20.4 2 0
github.com/Wrendra57/Pos-app-be/internal/controllers/category_controller.go:22.3,22.64 1 0
github.com/Wrendra57/Pos-app-be/internal/controllers/category_controller.go:22.64,25.4 2 0
github.com/Wrendra57/Pos-app-be/internal/controllers/category_controller.go:26.3,27.17 2 0
github.com/Wrendra57/Pos-app-be/internal/controllers/category_controller.go:27.17,29.4 1 0
github.com/Wrendra57/Pos-app-be/internal/controllers/category_controller.go:30.3,30.54 1 0
github.com/Wrendra57/Pos-app-be/internal/controllers/category_controller.go:34.97,35.36 1 16
github.com/Wrendra57/Pos-app-be/internal/controllers/category_controller.go:35.36,37.50 2 0
github.com/Wrendra57/Pos-app-be/internal/controllers/category_controller.go:37.50,40.4 2 0
github.com/Wrendra57/Pos-app-be/internal/controllers/category_controller.go:42.3,42.64 1 0
github.com/Wrendra57/Pos-app-be/internal/controllers/category_controller.go:42.64,45.4 2 0
github.com/Wrendra57/Pos-app-be/internal/controllers/category_controller.go:46.3,47.17 2 0
github.com/Wrendra57/Pos-app-be/internal/controllers/category_controller.go:47.17,49.4 1 0
github.com/Wrendra57/Pos-app-be/internal/controllers/category_controller.go:50.3,50.54 1 0
github.com/Wrendra57/Pos-app-be/internal/controllers/otp_controller.go:13.91,14.36 1 16
github.com/Wrendra57/Pos-app-be/internal/controllers/otp_controller.go:14.36,16.50 2 0
github.com/Wrendra57/Pos-app-be/internal/controllers/otp_controller.go:16.50,19.4 2 0
github.com/Wrendra57/Pos-app-be/internal/controllers/otp_controller.go:20.3,23.64 2 0
github.com/Wrendra57/Pos-app-be/internal/controllers/otp_controller.go:23.64,26.4 2 0
github.com/Wrendra57/Pos-app-be/internal/controllers/otp_controller.go:27.3,29.19 2 0
github.com/Wrendra57/Pos-app-be/internal/controllers/otp_controller.go:29.19,31.4 1 0
github.com/Wrendra57/Pos-app-be/internal/controllers/otp_controller.go:33.3,33.65 1 0
github.com/Wrendra57/Pos-app-be/internal/controllers/otp_controller.go:36.89,37.36 1 16
github.com/Wrendra57/Pos-app-be/internal/controllers/otp_controller.go:37.36,43.17 3 0
github.com/Wrendra57/Pos-app-be/internal/controllers/otp_controller.go:43.17,45.4 1 0
github.com/Wrendra57/Pos-app-be/internal/controllers/otp_controller.go:46.3,46.71 1 0
github.com/Wrendra57/Pos-app-be/internal/controllers/photo_controller.go:15.94,16.36 1 16
github.com/Wrendra57/Pos-app-be/internal/controllers/photo_controller.go:16.36,32.64 10 0
github.com/Wrendra57/Pos-app-be/internal/controllers/photo_controller.go:32.64,35.4 2 0
github.com/Wrendra57/Pos-app-be/internal/controllers/photo_controller.go:36.3,37.19 2 0
github.com/Wrendra57/Pos-app-be/internal/controllers/photo_controller.go:37.19,40.4 2 0
github.com/Wrendra57/Pos-app-be/internal/controllers/photo_controller.go:42.3,42.57 1 0
github.com/Wrendra57/Pos-app-be/internal/controllers/supplier_controller.go:13.99,14.36 1 16
github.com/Wrendra57/Pos-app-be/internal/controllers/supplier_controller.go:14.36,16.50 2 0
github.com/Wrendra57/Pos-app-be/internal/controllers/supplier_controller.go:16.50,19.4 2 0
github.com/Wrendra57/Pos-app-be/internal/controllers/supplier_controller.go:21.3,21.64 1 0
github.com/Wrendra57/Pos-app-be/internal/controllers/supplier_controller.go:21.64,24.4 2 0
github.com/Wrendra57/Pos-app-be/internal/controllers/supplier_controller.go:25.3,26.17 2 0
github.com/Wrendra57/Pos-app-be/internal/controllers/supplier_controller.go:26.17,28.4 1 0
github.com/Wrendra57/Pos-app-be/internal/controllers/supplier_controller.go:29.3,29.54 1 0
github.com/Wrendra57/Pos-app-be/internal/controllers/supplier_controller.go:33.105,34.36 1 16
github.com/Wrendra57/Pos-app-be/internal/controllers/supplier_controller.go:34.36,36.50 2 0
github.com/Wrendra57/Pos-app-be/internal/controllers/supplier_controller.go:36.50,39.4 2 0
github.com/Wrendra57/Pos-app-be/internal/controllers/supplier_controller.go:41.3,41.64 1 0
github.com/Wrendra57/Pos-app-be/internal/controllers/supplier_controller.go:41.64,44.4 2 0
github.com/Wrendra57/Pos-app-be/internal/controllers/supplier_controller.go:45.3,46.54 2 0
github.com/Wrendra57/Pos-app-be/internal/controllers/user_contoller.go:16.91,17.36 1 16
github.com/Wrendra57/Pos-app-be/internal/controllers/user_contoller.go:17.36,24.29 5 24
github.com/Wrendra57/Pos-app-be/internal/controllers/user_contoller.go:24.29,27.4 2 1
github.com/Wrendra57/Pos-app-be/internal/controllers/user_contoller.go:28.3,29.17 2 23
github.com/Wrendra57/Pos-app-be/internal/controllers/user_contoller.go:29.17,32.4 2 1
github.com/Wrendra57/Pos-app-be/internal/controllers/user_contoller.go:34.3,37.64 2 22
github.com/Wrendra57/Pos-app-be/internal/controllers/user_contoller.go:37.64,40.4 2 19
github.com/Wrendra57/Pos-app-be/internal/controllers/user_contoller.go:41.3,43.17 2 3
github.com/Wrendra57/Pos-app-be/internal/controllers/user_contoller.go:43.17,45.4 1 2
github.com/Wrendra57/Pos-app-be/internal/controllers/user_contoller.go:47.3,54.54 3 1
github.com/Wrendra57/Pos-app-be/internal/controllers/user_contoller.go:58.90,59.36 1 16
github.com/Wrendra57/Pos-app-be/internal/controllers/user_contoller.go:59.36,64.64 4 13
github.com/Wrendra57/Pos-app-be/internal/controllers/user_contoller.go:64.64,67.4 2 8
github.com/Wrendra57/Pos-app-be/internal/controllers/user_contoller.go:69.3,71.10 2 5
github.com/Wrendra57/Pos-app-be/internal/controllers/user_contoller.go:71.10,73.4 1 3
github.com/Wrendra57/Pos-app-be/internal/controllers/user_contoller.go:74.3,74.63 1 2
github.com/Wrendra57/Pos-app-be/internal/controllers/user_contoller.go:79.57,80.36 1 16
github.com/Wrendra57/Pos-app-be/internal/controllers/user_contoller.go:80.36,83.10 3 0
github.com/Wrendra57/Pos-app-be/internal/controllers/user_contoller.go:83.10,85.4 1 0
github.com/Wrendra57/Pos-app-be/internal/controllers/user_contoller.go:86.3,88.66 3 0
github.com/Wrendra57/Pos-app-be/internal/middleware/auth_middleware.go:10.35,11.34 1 80
github.com/Wrendra57/Pos-app-be/internal/middleware/auth_middleware.go:11.34,14.23 2 0
github.com/Wrendra57/Pos-app-be/internal/middleware/auth_middleware.go:14.23,16.4 1 0
github.com/Wrendra57/Pos-app-be/internal/middleware/auth_middleware.go:18.3,18.48 1 0
github.com/Wrendra57/Pos-app-be/internal/middleware/auth_middleware.go:18.48,20.4 1 0
github.com/Wrendra57/Pos-app-be/internal/middleware/auth_middleware.go:23.3,28.17 3 0
github.com/Wrendra57/Pos-app-be/internal/middleware/auth_middleware.go:28.17,30.4 1 0
github.com/Wrendra57/Pos-app-be/internal/middleware/auth_middleware.go:31.3,34.18 3 0
github.com/Wrendra57/Pos-app-be/internal/middleware/error_handling.go:8.40,9.34 1 16
github.com/Wrendra57/Pos-app-be/internal/middleware/error_handling.go:9.34,10.16 1 37
github.com/Wrendra57/Pos-app-be/internal/middleware/error_handling.go:10.16,11.32 1 37
github.com/Wrendra57/Pos-app-be/internal/middleware/error_handling.go:11.32,19.5 2 0
github.com/Wrendra57/Pos-app-be/internal/middleware/error_handling.go:21.3,21.18 1 37
github.com/Wrendra57/Pos-app-be/internal/repositories/brand_repository.go:19.43,21.2 1 16
github.com/Wrendra57/Pos-app-be/internal/repositories/brand_repository.go:23.106,31.16 5 0
github.com/Wrendra57/Pos-app-be/internal/repositories/brand_repository.go:31.16,33.3 1 0
github.com/Wrendra57/Pos-app-be/internal/repositories/brand_repository.go:34.2,35.19 2 0
github.com/Wrendra57/Pos-app-be/internal/repositories/brand_repository.go:38.116,53.18 7 0
github.com/Wrendra57/Pos-app-be/internal/repositories/brand_repository.go:53.18,58.3 4 0
github.com/Wrendra57/Pos-app-be/internal/repositories/brand_repository.go:59.2,59.15 1 0
github.com/Wrendra57/Pos-app-be/internal/repositories/categories_respository.go:21.54,23.2 1 16
github.com/Wrendra57/Pos-app-be/internal/repositories/categories_respository.go:25.114,32.16 5 0
github.com/Wrendra57/Pos-app-be/internal/repositories/categories_respository.go:32.16,35.3 2 0
github.com/Wrendra57/Pos-app-be/internal/repositories/categories_respository.go:36.2,37.15 2 0
github.com/Wrendra57/Pos-app-be/internal/repositories/categories_respository.go:40.60,55.18 7 0
github.com/Wrendra57/Pos-app-be/internal/repositories/categories_respository.go:55.18,60.3 4 0
github.com/Wrendra57/Pos-app-be/internal/repositories/categories_respository.go:61.2,61.19 1 0
github.com/Wrendra57/Pos-app-be/internal/repositories/oauth_repository.go:26.43,28.2 1 25
github.com/Wrendra57/Pos-app-be/internal/repositories/oauth_repository.go:30.117,38.16 5 7
github.com/Wrendra57/Pos-app-be/internal/repositories/oauth_repository.go:38.16,41.3 2 0
github.com/Wrendra57/Pos-app-be/internal/repositories/oauth_repository.go:43.2,43.19 1 7
github.com/Wrendra57/Pos-app-be/internal/repositories/oauth_repository.go:47.9,57.16 5 3
github.com/Wrendra57/Pos-app-be/internal/repositories/oauth_repository.go:57.16,60.3 2 2
github.com/Wrendra57/Pos-app-be/internal/repositories/oauth_repository.go:62.2,62.19 1 1
github.com/Wrendra57/Pos-app-be/internal/repositories/oauth_repository.go:65.9,76.16 5 2
github.com/Wrendra57/Pos-app-be/internal/repositories/oauth_repository.go:76.16,79.3 2 1
github.com/Wrendra57/Pos-app-be/internal/repositories/oauth_repository.go:81.2,81.19 1 1
github.com/Wrendra57/Pos-app-be/internal/repositories/oauth_repository.go:83.104,93.16 5 0
github.com/Wrendra57/Pos-app-be/internal/repositories/oauth_repository.go:93.16,96.3 2 0
github.com/Wrendra57/Pos-app-be/internal/repositories/oauth_repository.go:97.2,97.19 1 0
github.com/Wrendra57/Pos-app-be/internal/repositories/oauth_repository.go:100.121,105.19 4 3
github.com/Wrendra57/Pos-app-be/internal/repositories/oauth_repository.go:105.19,109.3 3 0
github.com/Wrendra57/Pos-app-be/internal/repositories/oauth_repository.go:110.2,110.22 1 3
github.com/Wrendra57/Pos-app-be/internal/repositories/oauth_repository.go:110.22,114.3 3 0
github.com/Wrendra57/Pos-app-be/internal/repositories/oauth_repository.go:115.2,115.22 1 3
github.com/Wrendra57/Pos-app-be/internal/repositories/oauth_repository.go:115.22,119.3 3 0
github.com/Wrendra57/Pos-app-be/internal/repositories/oauth_repository.go:120.2,137.16 12 3
github.com/Wrendra57/Pos-app-be/internal/repositories/oauth_repository.go:137.16,139.3 1 0
github.com/Wrendra57/Pos-app-be/internal/repositories/oauth_repository.go:142.2,147.16 4 3
github.com/Wrendra57/Pos-app-be/internal/repositories/oauth_repository.go:147.16,149.3 1 0
github.com/Wrendra57/Pos-app-be/internal/repositories/oauth_repository.go:151.2,151.15 1 3
github.com/Wrendra57/Pos-app-be/internal/repositories/oauth_repository.go:154.112,165.16 5 5
github.com/Wrendra57/Pos-app-be/internal/repositories/oauth_repository.go:165.16,168.3 2 1
github.com/Wrendra57/Pos-app-be/internal/repositories/oauth_repository.go:169.2,169.19 1 4
github.com/Wrendra57/Pos-app-be/internal/repositories/otp_repository.go:24.39,26.2 1 22
github.com/Wrendra57/Pos-app-be/internal/repositories/otp_repository.go:28.99,38.16 5 7
github.com/Wrendra57/Pos-app-be/internal/repositories/otp_repository.go:38.16,41.3 2 0
github.com/Wrendra57/Pos-app-be/internal/repositories/otp_repository.go:43.2,45.15 3 7
github.com/Wrendra57/Pos-app-be/internal/repositories/otp_repository.go:48.105,58.17 6 0
github.com/Wrendra57/Pos-app-be/internal/repositories/otp_repository.go:58.17,62.3 3 0
github.com/Wrendra57/Pos-app-be/internal/repositories/otp_repository.go:62.8,64.3 1 0
github.com/Wrendra57/Pos-app-be/internal/repositories/otp_repository.go:67.150,77.18 6 0
github.com/Wrendra57/Pos-app-be/internal/repositories/otp_repository.go:77.18,82.3 4 0
github.com/Wrendra57/Pos-app-be/internal/repositories/otp_repository.go:83.2,83.18 1 0
github.com/Wrendra57/Pos-app-be/internal/repositories/photos_repository.go:22.45,24.2 1 22
github.com/Wrendra57/Pos-app-be/internal/repositories/photos_repository.go:26.115,36.16 5 7
github.com/Wrendra57/Pos-app-be/internal/repositories/photos_repository.go:36.16,39.3 2 0
github.com/Wrendra57/Pos-app-be/internal/repositories/photos_repository.go:41.2,42.20 2 7
github.com/Wrendra57/Pos-app-be/internal/repositories/photos_repository.go:45.108,54.17 6 0
github.com/Wrendra57/Pos-app-be/internal/repositories/photos_repository.go:54.17,58.3 3 0
github.com/Wrendra57/Pos-app-be/internal/repositories/photos_repository.go:58.8,60.3 1 0
github.com/Wrendra57/Pos-app-be/internal/repositories/role_repository.go:22.41,24.2 1 22
github.com/Wrendra57/Pos-app-be/internal/repositories/role_repository.go:26.110,35.16 5 7
github.com/Wrendra57/Pos-app-be/internal/repositories/role_repository.go:35.16,38.3 2 0
github.com/Wrendra57/Pos-app-be/internal/repositories/role_repository.go:39.2,40.19 2 7
github.com/Wrendra57/Pos-app-be/internal/repositories/role_repository.go:43.109,53.17 6 2
github.com/Wrendra57/Pos-app-be/internal/repositories/role_repository.go:53.17,58.3 3 2
github.com/Wrendra57/Pos-app-be/internal/repositories/role_repository.go:58.8,60.3 1 0
github.com/Wrendra57/Pos-app-be/internal/repositories/role_repository.go:62.2,62.23 1 0
github.com/Wrendra57/Pos-app-be/internal/repositories/supplier_repository.go:20.49,22.2 1 16
github.com/Wrendra57/Pos-app-be/internal/repositories/supplier_repository.go:23.123,31.16 5 0
github.com/Wrendra57/Pos-app-be/internal/repositories/supplier_repository.go:31.16,33.3 1 0
github.com/Wrendra57/Pos-app-be/internal/repositories/supplier_repository.go:34.2,35.22 2 0
github.com/Wrendra57/Pos-app-be/internal/repositories/supplier_repository.go:37.131,51.18 7 0
github.com/Wrendra57/Pos-app-be/internal/repositories/supplier_repository.go:51.18,56.3 4 0
github.com/Wrendra57/Pos-app-be/internal/repositories/supplier_repository.go:57.2,58.23 2 0
github.com/Wrendra57/Pos-app-be/internal/repositories/user_repository.go:23.41,25.2 1 22
github.com/Wrendra57/Pos-app-be/internal/repositories/user_repository.go:27.112,37.16 5 7
github.com/Wrendra57/Pos-app-be/internal/repositories/user_repository.go:37.16,40.3 2 0
github.com/Wrendra57/Pos-app-be/internal/repositories/user_repository.go:42.2,43.18 2 7
github.com/Wrendra57/Pos-app-be/internal/repositories/user_repository.go:46.103,55.17 6 0
github.com/Wrendra57/Pos-app-be/internal/repositories/user_repository.go:55.17,60.3 3 0
github.com/Wrendra57/Pos-app-be/internal/repositories/user_repository.go:60.8,62.3 1 0
github.com/Wrendra57/Pos-app-be/internal/repositories/user_repository.go:65.115,90.17 6 0
github.com/Wrendra57/Pos-app-be/internal/repositories/user_repository.go:90.17,95.3 3 0
github.com/Wrendra57/Pos-app-be/internal/repositories/user_repository.go:95.8,97.3 1 0
github.com/Wrendra57/Pos-app-be/internal/routes/brand_routes.go:11.95,14.2 2 16
github.com/Wrendra57/Pos-app-be/internal/routes/category_routes.go:11.106,14.2 2 16
github.com/Wrendra57/Pos-app-be/internal/routes/otp_routes.go:10.96,13.2 2 16
github.com/Wrendra57/Pos-app-be/internal/routes/photos.go:11.102,13.2 1 16
github.com/Wrendra57/Pos-app-be/internal/routes/supplier_routes.go:11.111,14.2 2 16
github.com/Wrendra57/Pos-app-be/internal/routes/user_routes.go:11.95,15.2 3 16
github.com/Wrendra57/Pos-app-be/internal/services/brand_services.go:26.123,32.2 1 16
github.com/Wrendra57/Pos-app-be/internal/services/brand_services.go:34.30,45.16 6 0
github.com/Wrendra57/Pos-app-be/internal/services/brand_services.go:45.16,48.3 1 0
github.com/Wrendra57/Pos-app-be/internal/services/brand_services.go:50.2,50.44 1 0
github.com/Wrendra57/Pos-app-be/internal/services/brand_services.go:52.128,67.2 6 0
github.com/Wrendra57/Pos-app-be/internal/services/category_service.go:28.138,34.2 1 16
github.com/Wrendra57/Pos-app-be/internal/services/category_service.go:36.139,50.16 6 0
github.com/Wrendra57/Pos-app-be/internal/services/category_service.go:50.16,52.3 1 0
github.com/Wrendra57/Pos-app-be/internal/services/category_service.go:53.2,53.47 1 0
github.com/Wrendra57/Pos-app-be/internal/services/category_service.go:56.149,70.2 6 0
github.com/Wrendra57/Pos-app-be/internal/services/otp_service.go:33.79,41.2 1 16
github.com/Wrendra57/Pos-app-be/internal/services/otp_service.go:43.106,59.16 7 0
github.com/Wrendra57/Pos-app-be/internal/services/otp_service.go:59.16,61.3 1 0
github.com/Wrendra57/Pos-app-be/internal/services/otp_service.go:62.2,62.42 1 0
github.com/Wrendra57/Pos-app-be/internal/services/otp_service.go:65.123,67.16 2 0
github.com/Wrendra57/Pos-app-be/internal/services/otp_service.go:67.16,70.3 2 0
github.com/Wrendra57/Pos-app-be/internal/services/otp_service.go:71.2,81.16 6 0
github.com/Wrendra57/Pos-app-be/internal/services/otp_service.go:81.16,83.3 1 0
github.com/Wrendra57/Pos-app-be/internal/services/otp_service.go:84.2,84.29 1 0
github.com/Wrendra57/Pos-app-be/internal/services/otp_service.go:84.29,86.3 1 0
github.com/Wrendra57/Pos-app-be/internal/services/otp_service.go:88.2,89.16 2 0
github.com/Wrendra57/Pos-app-be/internal/services/otp_service.go:89.16,91.3 1 0
github.com/Wrendra57/Pos-app-be/internal/services/otp_service.go:92.2,92.34 1 0
github.com/Wrendra57/Pos-app-be/internal/services/otp_service.go:92.34,94.3 1 0
github.com/Wrendra57/Pos-app-be/internal/services/otp_service.go:96.2,96.22 1 0
github.com/Wrendra57/Pos-app-be/internal/services/otp_service.go:96.22,98.3 1 0
github.com/Wrendra57/Pos-app-be/internal/services/otp_service.go:101.2,104.37 3 0
github.com/Wrendra57/Pos-app-be/internal/services/otp_service.go:107.95,109.16 2 0
github.com/Wrendra57/Pos-app-be/internal/services/otp_service.go:109.16,111.3 1 0
github.com/Wrendra57/Pos-app-be/internal/services/otp_service.go:112.2,117.16 5 0
github.com/Wrendra57/Pos-app-be/internal/services/otp_service.go:117.16,120.3 2 0
github.com/Wrendra57/Pos-app-be/internal/services/otp_service.go:121.2,121.30 1 0
github.com/Wrendra57/Pos-app-be/internal/services/otp_service.go:121.30,123.3 1 0
github.com/Wrendra57/Pos-app-be/internal/services/otp_service.go:126.2,130.20 3 0
github.com/Wrendra57/Pos-app-be/internal/services/otp_service.go:130.20,133.3 2 0
github.com/Wrendra57/Pos-app-be/internal/services/otp_service.go:135.2,136.15 2 0
github.com/Wrendra57/Pos-app-be/internal/services/otp_service.go:136.15,139.3 2 0
github.com/Wrendra57/Pos-app-be/internal/services/otp_service.go:142.2,147.37 3 0
github.com/Wrendra57/Pos-app-be/internal/services/photos_service.go:32.46,38.2 1 16
github.com/Wrendra57/Pos-app-be/internal/services/photos_service.go:40.30,60.55 9 0
github.com/Wrendra57/Pos-app-be/internal/services/photos_service.go:60.55,62.17 2 0
github.com/Wrendra57/Pos-app-be/internal/services/photos_service.go:62.17,64.4 1 0
github.com/Wrendra57/Pos-app-be/internal/services/photos_service.go:67.2,76.40 7 0
github.com/Wrendra57/Pos-app-be/internal/services/supplier_services.go:26.135,32.2 1 16
github.com/Wrendra57/Pos-app-be/internal/services/supplier_services.go:33.137,45.16 6 0
github.com/Wrendra57/Pos-app-be/internal/services/supplier_services.go:45.16,47.3 1 0
github.com/Wrendra57/Pos-app-be/internal/services/supplier_services.go:48.2,48.47 1 0
github.com/Wrendra57/Pos-app-be/internal/services/supplier_services.go:51.132,64.2 6 0
github.com/Wrendra57/Pos-app-be/internal/services/user_service.go:43.55,54.2 1 16
github.com/Wrendra57/Pos-app-be/internal/services/user_service.go:57.31,67.16 6 3
github.com/Wrendra57/Pos-app-be/internal/services/user_service.go:67.16,71.3 2 1
github.com/Wrendra57/Pos-app-be/internal/services/user_service.go:74.2,75.16 2 2
github.com/Wrendra57/Pos-app-be/internal/services/user_service.go:75.16,78.3 1 1
github.com/Wrendra57/Pos-app-be/internal/services/user_service.go:81.2,82.16 2 1
github.com/Wrendra57/Pos-app-be/internal/services/user_service.go:82.16,85.3 1 0
github.com/Wrendra57/Pos-app-be/internal/services/user_service.go:87.2,139.44 17 1
github.com/Wrendra57/Pos-app-be/internal/services/user_service.go:143.8,152.16 5 5
github.com/Wrendra57/Pos-app-be/internal/services/user_service.go:152.16,155.3 1 1
github.com/Wrendra57/Pos-app-be/internal/services/user_service.go:156.2,156.19 1 4
github.com/Wrendra57/Pos-app-be/internal/services/user_service.go:156.19,159.3 1 1
github.com/Wrendra57/Pos-app-be/internal/services/user_service.go:161.2,163.22 2 3
github.com/Wrendra57/Pos-app-be/internal/services/user_service.go:163.22,166.3 1 1
github.com/Wrendra57/Pos-app-be/internal/services/user_service.go:169.2,176.77 5 2
github.com/Wrendra57/Pos-app-be/internal/services/user_service.go:180.97,187.28 4 0
github.com/Wrendra57/Pos-app-be/internal/services/user_service.go:187.28,192.3 4 0
github.com/Wrendra57/Pos-app-be/internal/services/user_service.go:195.2,201.16 5 0
github.com/Wrendra57/Pos-app-be/internal/services/user_service.go:201.16,203.3 1 0
github.com/Wrendra57/Pos-app-be/internal/services/user_service.go:206.2,213.43 5 0
github.com/Wrendra57/Pos-app-be/internal/utils/email.go:15.62,25.41 7 0
github.com/Wrendra57/Pos-app-be/internal/utils/email.go:25.41,28.3 2 0
github.com/Wrendra57/Pos-app-be/internal/utils/email.go:29.2,29.12 1 0
github.com/Wrendra57/Pos-app-be/internal/utils/hashing.go:5.52,8.2 2 7
github.com/Wrendra57/Pos-app-be/internal/utils/hashing.go:9.52,12.2 2 3
github.com/Wrendra57/Pos-app-be/internal/utils/helper.go:9.55,11.16 2 17
github.com/Wrendra57/Pos-app-be/internal/utils/helper.go:11.16,15.3 3 0
github.com/Wrendra57/Pos-app-be/internal/utils/helper.go:15.8,18.3 2 17
github.com/Wrendra57/Pos-app-be/internal/utils/jwt.go:17.64,28.16 5 9
github.com/Wrendra57/Pos-app-be/internal/utils/jwt.go:28.16,30.3 1 0
github.com/Wrendra57/Pos-app-be/internal/utils/jwt.go:31.2,31.25 1 9
github.com/Wrendra57/Pos-app-be/internal/utils/jwt.go:34.53,37.105 2 0
github.com/Wrendra57/Pos-app-be/internal/utils/jwt.go:37.105,39.3 1 0
github.com/Wrendra57/Pos-app-be/internal/utils/jwt.go:40.2,40.16 1 0
github.com/Wrendra57/Pos-app-be/internal/utils/jwt.go:40.16,42.3 1 0
github.com/Wrendra57/Pos-app-be/internal/utils/jwt.go:43.2,43.18 1 0
github.com/Wrendra57/Pos-app-be/internal/utils/jwt.go:43.18,45.3 1 0
github.com/Wrendra57/Pos-app-be/internal/utils/jwt.go:47.2,48.9 2 0
github.com/Wrendra57/Pos-app-be/internal/utils/jwt.go:48.9,50.3 1 0
github.com/Wrendra57/Pos-app-be/internal/utils/jwt.go:52.2,52.20 1 0
github.com/Wrendra57/Pos-app-be/internal/utils/otp.go:9.27,13.2 3 7
github.com/Wrendra57/Pos-app-be/internal/utils/panicIfErr.go:5.30,6.16 1 118
github.com/Wrendra57/Pos-app-be/internal/utils/panicIfErr.go:6.16,8.13 2 0
github.com/Wrendra57/Pos-app-be/internal/utils/exception/custom_error.go:8.55,12.2 1 0
github.com/Wrendra57/Pos-app-be/internal/utils/exception/error_handle.go:16.66,18.58 2 27
github.com/Wrendra57/Pos-app-be/internal/utils/exception/error_handle.go:18.58,20.3 1 0
github.com/Wrendra57/Pos-app-be/internal/utils/exception/error_handle.go:22.2,22.55 1 27
github.com/Wrendra57/Pos-app-be/internal/utils/exception/error_handle.go:22.55,28.3 5 27
github.com/Wrendra57/Pos-app-be/internal/utils/exception/error_handle.go:29.2,29.15 1 27
github.com/Wrendra57/Pos-app-be/internal/utils/exception/error_handle.go:32.62,33.17 1 27
github.com/Wrendra57/Pos-app-be/internal/utils/exception/error_handle.go:34.18,35.56 1 11
github.com/Wrendra57/Pos-app-be/internal/utils/exception/error_handle.go:36.13,37.91 1 7
github.com/Wrendra57/Pos-app-be/internal/utils/exception/error_handle.go:38.13,39.90 1 7
github.com/Wrendra57/Pos-app-be/internal/utils/exception/error_handle.go:40.15,41.74 1 1
github.com/Wrendra57/Pos-app-be/internal/utils/exception/error_handle.go:42.15,43.68 1 1
github.com/Wrendra57/Pos-app-be/internal/utils/exception/error_handle.go:44.18,45.87 1 0
github.com/Wrendra57/Pos-app-be/internal/utils/exception/error_handle.go:47.10,48.91 1 0
github.com/Wrendra57/Pos-app-be/internal/utils/exception/error_handle.go:51.97,60.2 1 27
github.com/Wrendra57/Pos-app-be/internal/utils/exception/error_handle.go:61.76,62.17 1 2
github.com/Wrendra57/Pos-app-be/internal/utils/exception/error_handle.go:62.17,64.3 1 0
github.com/Wrendra57/Pos-app-be/internal/utils/exception/error_handle.go:65.2,70.4 1 2
github.com/Wrendra57/Pos-app-be/internal/utils/exception/error_handle.go:73.59,79.2 1 0
github.com/Wrendra57/Pos-app-be/internal/utils/exception/error_handle.go:81.85,82.17 1 7
github.com/Wrendra57/Pos-app-be/internal/utils/exception/error_handle.go:82.17,85.3 1 7
github.com/Wrendra57/Pos-app-be/internal/utils/exception/error_handle.go:86.2,91.4 1 7
github.com/Wrendra57/Pos-app-be/internal/utils/exception/error_handle.go:93.62,101.2 2 0
github.com/Wrendra57/Pos-app-be/internal/utils/exception/not_found_error.go:7.51,9.2 1 0
github.com/Wrendra57/Pos-app-be/internal/utils/exception/not_found_error.go:15.58,17.2 1 0
github.com/Wrendra57/Pos-app-be/pkg/validator.go:7.40,11.2 2 16
github.com/Wrendra57/Pos-app-be/pkg/validator.go:13.72,15.2 1 35
github.com/Wrendra57/Pos-app-be/pkg/db/db.go:11.51,26.16 9 16
github.com/Wrendra57/Pos-app-be/pkg/db/db.go:26.16,28.3 1 0
github.com/Wrendra57/Pos-app-be/pkg/db/db.go:31.2,31.20 1 16
github.com/Wrendra57/Pos-app-be/pkg/db/db.go:31.20,33.3 1 16
github.com/Wrendra57/Pos-app-be/pkg/db/db.go:35.2,35.25 1 16
github.com/Wrendra57/Pos-app-be/pkg/db/redis.go:5.34,12.2 2 16
github.com/Wrendra57/Pos-app-be/test/server.go:11.51,21.16 8 16
github.com/Wrendra57/Pos-app-be/test/server.go:21.16,23.3 1 0
github.com/Wrendra57/Pos-app-be/test/server.go:26.2,26.20 1 16
github.com/Wrendra57/Pos-app-be/test/server.go:26.20,29.3 1 0
github.com/Wrendra57/Pos-app-be/test/server.go:31.2,31.25 1 16
github.com/Wrendra57/Pos-app-be/test/server.go:34.41,36.16 2 16
github.com/Wrendra57/Pos-app-be/test/server.go:36.16,37.13 1 0
github.com/Wrendra57/Pos-app-be/test/server.go:39.2,39.15 1 16
github.com/Wrendra57/Pos-app-be/test/server.go:39.15,40.17 1 16
github.com/Wrendra57/Pos-app-be/test/server.go:40.17,42.4 1 0
github.com/Wrendra57/Pos-app-be/test/server.go:42.9,44.4 1 16
github.com/Wrendra57/Pos-app-be/test/server.go:46.2,49.16 3 16
github.com/Wrendra57/Pos-app-be/test/server.go:49.16,51.3 1 0
github.com/Wrendra57/Pos-app-be/test/server.go:53.2,53.12 1 16
github.com/Wrendra57/Pos-app-be/test/server.go:55.23,60.45 5 16
github.com/Wrendra57/Pos-app-be/test/server.go:60.45,62.3 1 0
github.com/Wrendra57/Pos-app-be/test/api/userstest/userfunc.go:16.65,27.16 10 6
github.com/Wrendra57/Pos-app-be/test/api/userstest/userfunc.go:27.16,28.13 1 0
github.com/Wrendra57/Pos-app-be/test/api/userstest/userfunc.go:30.2,74.46 17 6
